[0.015s] Invoking command in '/root/ros2_ws/src/project_03/build/project_03': CMAKE_PREFIX_PATH=${CMAKE_PREFIX_PATH}:/root/ros2_ws/install/turtlebot3_teleop:/root/ros2_ws/install/turtlebot3_example:/opt/ros/humble /usr/bin/cmake /root/ros2_ws/src/project_03 -DCMAKE_INSTALL_PREFIX=/root/ros2_ws/src/project_03/install/project_03
[0.228s] -- The C compiler identification is GNU 11.4.0
[0.581s] -- The CXX compiler identification is GNU 11.4.0
[0.863s] -- Detecting C compiler ABI info
[0.990s] -- Detecting C compiler ABI info - done
[0.997s] -- Check for working C compiler: /usr/bin/cc - skipped
[1.000s] -- Detecting C compile features
[1.001s] -- Detecting C compile features - done
[1.006s] -- Detecting CXX compiler ABI info
[1.157s] -- Detecting CXX compiler ABI info - done
[1.164s] -- Check for working CXX compiler: /usr/bin/c++ - skipped
[1.164s] -- Detecting CXX compile features
[1.164s] -- Detecting CXX compile features - done
[1.181s] -- Found ament_cmake: 1.3.11 (/opt/ros/humble/share/ament_cmake/cmake)
[1.324s] -- Found Python3: /usr/bin/python3 (found version "3.10.12") found components: Interpreter 
[1.471s] -- Found rosidl_default_generators: 1.2.0 (/opt/ros/humble/share/rosidl_default_generators/cmake)
[1.478s] -- Using all available rosidl_typesupport_c: rosidl_typesupport_fastrtps_c;rosidl_typesupport_introspection_c
[1.488s] -- Found rosidl_adapter: 3.1.6 (/opt/ros/humble/share/rosidl_adapter/cmake)
[1.628s] -- Using all available rosidl_typesupport_cpp: rosidl_typesupport_fastrtps_cpp;rosidl_typesupport_introspection_cpp
[1.684s] -- Found ament_index_cpp: 1.4.0 (/opt/ros/humble/share/ament_index_cpp/cmake)
[1.688s] -- Found geometry_msgs: 4.2.4 (/opt/ros/humble/share/geometry_msgs/cmake)
[1.757s] -- Found rclcpp: 16.0.11 (/opt/ros/humble/share/rclcpp/cmake)
[1.858s] -- Found rmw_implementation_cmake: 6.1.2 (/opt/ros/humble/share/rmw_implementation_cmake/cmake)
[1.864s] -- Found rmw_fastrtps_cpp: 6.2.7 (/opt/ros/humble/share/rmw_fastrtps_cpp/cmake)
[2.708s] -- Found OpenSSL: /usr/lib/x86_64-linux-gnu/libcrypto.so (found version "3.0.2")  
[3.730s] -- Found FastRTPS: /opt/ros/humble/include  
[5.076s] -- Using RMW implementation 'rmw_fastrtps_cpp' as default
[5.090s] -- Looking for pthread.h
[5.219s] -- Looking for pthread.h - found
[5.219s] -- Performing Test CMAKE_HAVE_LIBC_PTHREAD
[5.339s] -- Performing Test CMAKE_HAVE_LIBC_PTHREAD - Success
[5.340s] -- Found Threads: TRUE  
[5.420s] -- Found rclcpp_action: 16.0.11 (/opt/ros/humble/share/rclcpp_action/cmake)
[5.490s] -- Found std_srvs: 4.2.4 (/opt/ros/humble/share/std_srvs/cmake)
[5.519s] -- Found turtlesim: 1.4.2 (/opt/ros/humble/share/turtlesim/cmake)
[6.272s] [31mCMake Error at CMakeLists.txt:19 (find_package):
[6.272s]   By not providing "Findendicott_interfaces.cmake" in CMAKE_MODULE_PATH this
[6.272s]   project has asked CMake to find a package configuration file provided by
[6.272s]   "endicott_interfaces", but CMake did not find one.
[6.273s] 
[6.273s]   Could not find a package configuration file provided by
[6.273s]   "endicott_interfaces" with any of the following names:
[6.273s] 
[6.273s]     endicott_interfacesConfig.cmake
[6.273s]     endicott_interfaces-config.cmake
[6.273s] 
[6.273s]   Add the installation prefix of "endicott_interfaces" to CMAKE_PREFIX_PATH
[6.273s]   or set "endicott_interfaces_DIR" to a directory containing one of the above
[6.273s]   files.  If "endicott_interfaces" provides a separate development package or
[6.273s]   SDK, be sure it has been installed.
[6.273s] 
[6.273s] [0m
[6.273s] -- Configuring incomplete, errors occurred!
[6.273s] See also "/root/ros2_ws/src/project_03/build/project_03/CMakeFiles/CMakeOutput.log".
[6.281s] Invoked command in '/root/ros2_ws/src/project_03/build/project_03' returned '1': CMAKE_PREFIX_PATH=${CMAKE_PREFIX_PATH}:/root/ros2_ws/install/turtlebot3_teleop:/root/ros2_ws/install/turtlebot3_example:/opt/ros/humble /usr/bin/cmake /root/ros2_ws/src/project_03 -DCMAKE_INSTALL_PREFIX=/root/ros2_ws/src/project_03/install/project_03
