[0.161s] DEBUG:colcon:Command line arguments: ['/usr/bin/colcon', 'build']
[0.161s] DEBUG:colcon:Parsed command line arguments: Namespace(log_base=None, log_level=None, verb_name='build', build_base='build', install_base='install', merge_install=False, symlink_install=False, test_result_base=None, continue_on_error=False, executor='parallel', parallel_workers=8, event_handlers=None, ignore_user_meta=False, metas=['./colcon.meta'], base_paths=['.'], packages_ignore=None, packages_ignore_regex=None, paths=None, packages_up_to=None, packages_up_to_regex=None, packages_above=None, packages_above_and_dependencies=None, packages_above_depth=None, packages_select_by_dep=None, packages_skip_by_dep=None, packages_skip_up_to=None, packages_select_build_failed=False, packages_skip_build_finished=False, packages_select_test_failures=False, packages_skip_test_passed=False, packages_select=None, packages_skip=None, packages_select_regex=None, packages_skip_regex=None, packages_start=None, packages_end=None, allow_overriding=[], cmake_args=None, cmake_target=None, cmake_target_skip_unavailable=False, cmake_clean_cache=False, cmake_clean_first=False, cmake_force_configure=False, ament_cmake_args=None, catkin_cmake_args=None, catkin_skip_building_tests=False, verb_parser=<colcon_defaults.argument_parser.defaults.DefaultArgumentsDecorator object at 0x7fa5c0604550>, verb_extension=<colcon_core.verb.build.BuildVerb object at 0x7fa5c05cbc40>, main=<bound method BuildVerb.main of <colcon_core.verb.build.BuildVerb object at 0x7fa5c05cbc40>>)
[0.284s] Level 1:colcon.colcon_core.package_discovery:discover_packages(colcon_meta) check parameters
[0.284s] Level 1:colcon.colcon_core.package_discovery:discover_packages(recursive) check parameters
[0.284s] Level 1:colcon.colcon_core.package_discovery:discover_packages(ignore) check parameters
[0.284s] Level 1:colcon.colcon_core.package_discovery:discover_packages(path) check parameters
[0.284s] Level 1:colcon.colcon_core.package_discovery:discover_packages(colcon_meta) discover
[0.284s] Level 1:colcon.colcon_core.package_discovery:discover_packages(recursive) discover
[0.284s] INFO:colcon.colcon_core.package_discovery:Crawling recursively for packages in '/root/ros2_ws/src/project_03'
[0.284s] Level 1:colcon.colcon_core.package_identification:_identify(.) by extensions ['ignore', 'ignore_ament_install']
[0.284s] Level 1:colcon.colcon_core.package_identification:_identify(.) by extension 'ignore'
[0.284s] Level 1:colcon.colcon_core.package_identification:_identify(.) by extension 'ignore_ament_install'
[0.284s] Level 1:colcon.colcon_core.package_identification:_identify(.) by extensions ['colcon_pkg']
[0.284s] Level 1:colcon.colcon_core.package_identification:_identify(.) by extension 'colcon_pkg'
[0.284s] Level 1:colcon.colcon_core.package_identification:_identify(.) by extensions ['colcon_meta']
[0.284s] Level 1:colcon.colcon_core.package_identification:_identify(.) by extension 'colcon_meta'
[0.284s] Level 1:colcon.colcon_core.package_identification:_identify(.) by extensions ['ros']
[0.284s] Level 1:colcon.colcon_core.package_identification:_identify(.) by extension 'ros'
[0.302s] DEBUG:colcon.colcon_core.package_identification:Package '.' with type 'ros.ament_cmake' and name 'project_03'
[0.302s] Level 1:colcon.colcon_core.package_discovery:discover_packages(recursive) using defaults
[0.302s] Level 1:colcon.colcon_core.package_discovery:discover_packages(ignore) discover
[0.302s] Level 1:colcon.colcon_core.package_discovery:discover_packages(ignore) using defaults
[0.302s] Level 1:colcon.colcon_core.package_discovery:discover_packages(path) discover
[0.302s] Level 1:colcon.colcon_core.package_discovery:discover_packages(path) using defaults
[0.316s] Level 1:colcon.colcon_core.package_discovery:discover_packages(prefix_path) check parameters
[0.317s] Level 1:colcon.colcon_core.package_discovery:discover_packages(prefix_path) discover
[0.319s] DEBUG:colcon.colcon_installed_package_information.package_discovery:Found 19 installed packages in /root/ros2_ws/install
[0.320s] DEBUG:colcon.colcon_installed_package_information.package_discovery:Found 363 installed packages in /opt/ros/humble
[0.321s] Level 1:colcon.colcon_core.package_discovery:discover_packages(prefix_path) using defaults
[0.350s] Level 5:colcon.colcon_core.verb:set package 'project_03' build argument 'cmake_args' from command line to 'None'
[0.350s] Level 5:colcon.colcon_core.verb:set package 'project_03' build argument 'cmake_target' from command line to 'None'
[0.350s] Level 5:colcon.colcon_core.verb:set package 'project_03' build argument 'cmake_target_skip_unavailable' from command line to 'False'
[0.350s] Level 5:colcon.colcon_core.verb:set package 'project_03' build argument 'cmake_clean_cache' from command line to 'False'
[0.350s] Level 5:colcon.colcon_core.verb:set package 'project_03' build argument 'cmake_clean_first' from command line to 'False'
[0.350s] Level 5:colcon.colcon_core.verb:set package 'project_03' build argument 'cmake_force_configure' from command line to 'False'
[0.350s] Level 5:colcon.colcon_core.verb:set package 'project_03' build argument 'ament_cmake_args' from command line to 'None'
[0.350s] Level 5:colcon.colcon_core.verb:set package 'project_03' build argument 'catkin_cmake_args' from command line to 'None'
[0.350s] Level 5:colcon.colcon_core.verb:set package 'project_03' build argument 'catkin_skip_building_tests' from command line to 'False'
[0.350s] DEBUG:colcon.colcon_core.verb:Building package 'project_03' with the following arguments: {'ament_cmake_args': None, 'build_base': '/root/ros2_ws/src/project_03/build/project_03', 'catkin_cmake_args': None, 'catkin_skip_building_tests': False, 'cmake_args': None, 'cmake_clean_cache': False, 'cmake_clean_first': False, 'cmake_force_configure': False, 'cmake_target': None, 'cmake_target_skip_unavailable': False, 'install_base': '/root/ros2_ws/src/project_03/install/project_03', 'merge_install': False, 'path': '/root/ros2_ws/src/project_03', 'symlink_install': False, 'test_result_base': None}
[0.350s] INFO:colcon.colcon_core.executor:Executing jobs using 'parallel' executor
[0.352s] DEBUG:colcon.colcon_parallel_executor.executor.parallel:run_until_complete
[0.353s] INFO:colcon.colcon_ros.task.ament_cmake.build:Building ROS package in '/root/ros2_ws/src/project_03' with build type 'ament_cmake'
[0.353s] INFO:colcon.colcon_cmake.task.cmake.build:Building CMake package in '/root/ros2_ws/src/project_03'
[0.355s] INFO:colcon.colcon_core.plugin_system:Skipping extension 'colcon_core.shell.bat': Not used on non-Windows systems
[0.355s] INFO:colcon.colcon_core.shell:Skip shell extension 'powershell' for command environment: Not usable outside of PowerShell
[0.355s] DEBUG:colcon.colcon_core.shell:Skip shell extension 'dsv' for command environment
[0.366s] DEBUG:colcon.colcon_core.event_handler.log_command:Invoking command in '/root/ros2_ws/src/project_03/build/project_03': CMAKE_PREFIX_PATH=${CMAKE_PREFIX_PATH}:/root/ros2_ws/install/turtlebot3_teleop:/root/ros2_ws/install/turtlebot3_example:/opt/ros/humble /usr/bin/cmake --build /root/ros2_ws/src/project_03/build/project_03 -- -j8 -l8
[14.447s] DEBUG:colcon.colcon_core.event_handler.log_command:Invoked command in '/root/ros2_ws/src/project_03/build/project_03' returned '0': CMAKE_PREFIX_PATH=${CMAKE_PREFIX_PATH}:/root/ros2_ws/install/turtlebot3_teleop:/root/ros2_ws/install/turtlebot3_example:/opt/ros/humble /usr/bin/cmake --build /root/ros2_ws/src/project_03/build/project_03 -- -j8 -l8
[14.453s] DEBUG:colcon.colcon_core.event_handler.log_command:Invoking command in '/root/ros2_ws/src/project_03/build/project_03': CMAKE_PREFIX_PATH=${CMAKE_PREFIX_PATH}:/root/ros2_ws/install/turtlebot3_teleop:/root/ros2_ws/install/turtlebot3_example:/opt/ros/humble /usr/bin/cmake --install /root/ros2_ws/src/project_03/build/project_03
[14.467s] Level 1:colcon.colcon_core.environment:create_environment_scripts_only(project_03)
[14.468s] DEBUG:colcon.colcon_core.event_handler.log_command:Invoked command in '/root/ros2_ws/src/project_03/build/project_03' returned '0': CMAKE_PREFIX_PATH=${CMAKE_PREFIX_PATH}:/root/ros2_ws/install/turtlebot3_teleop:/root/ros2_ws/install/turtlebot3_example:/opt/ros/humble /usr/bin/cmake --install /root/ros2_ws/src/project_03/build/project_03
[14.469s] Level 1:colcon.colcon_core.environment:checking '/root/ros2_ws/src/project_03/install/project_03' for CMake module files
[14.470s] Level 1:colcon.colcon_core.environment:checking '/root/ros2_ws/src/project_03/install/project_03' for CMake config files
[14.470s] Level 1:colcon.colcon_core.shell:create_environment_hook('project_03', 'cmake_prefix_path')
[14.470s] INFO:colcon.colcon_core.shell:Creating environment hook '/root/ros2_ws/src/project_03/install/project_03/share/project_03/hook/cmake_prefix_path.ps1'
[14.471s] INFO:colcon.colcon_core.shell:Creating environment descriptor '/root/ros2_ws/src/project_03/install/project_03/share/project_03/hook/cmake_prefix_path.dsv'
[14.471s] INFO:colcon.colcon_core.shell:Creating environment hook '/root/ros2_ws/src/project_03/install/project_03/share/project_03/hook/cmake_prefix_path.sh'
[14.472s] Level 1:colcon.colcon_core.environment:checking '/root/ros2_ws/src/project_03/install/project_03/lib'
[14.472s] Level 1:colcon.colcon_core.environment:checking '/root/ros2_ws/src/project_03/install/project_03/bin'
[14.473s] Level 1:colcon.colcon_core.environment:checking '/root/ros2_ws/src/project_03/install/project_03/lib/pkgconfig/project_03.pc'
[14.473s] Level 1:colcon.colcon_core.environment:checking '/root/ros2_ws/src/project_03/install/project_03/lib/python3.10/site-packages'
[14.473s] Level 1:colcon.colcon_core.environment:checking '/root/ros2_ws/src/project_03/install/project_03/bin'
[14.473s] INFO:colcon.colcon_core.shell:Creating package script '/root/ros2_ws/src/project_03/install/project_03/share/project_03/package.ps1'
[14.474s] INFO:colcon.colcon_core.shell:Creating package descriptor '/root/ros2_ws/src/project_03/install/project_03/share/project_03/package.dsv'
[14.474s] INFO:colcon.colcon_core.shell:Creating package script '/root/ros2_ws/src/project_03/install/project_03/share/project_03/package.sh'
[14.475s] INFO:colcon.colcon_core.shell:Creating package script '/root/ros2_ws/src/project_03/install/project_03/share/project_03/package.bash'
[14.475s] INFO:colcon.colcon_core.shell:Creating package script '/root/ros2_ws/src/project_03/install/project_03/share/project_03/package.zsh'
[14.476s] Level 1:colcon.colcon_core.environment:create_file_with_runtime_dependencies(/root/ros2_ws/src/project_03/install/project_03/share/colcon-core/packages/project_03)
[14.476s] Level 1:colcon.colcon_core.environment:create_environment_scripts_only(project_03)
[14.476s] Level 1:colcon.colcon_core.environment:checking '/root/ros2_ws/src/project_03/install/project_03' for CMake module files
[14.477s] Level 1:colcon.colcon_core.environment:checking '/root/ros2_ws/src/project_03/install/project_03' for CMake config files
[14.477s] Level 1:colcon.colcon_core.shell:create_environment_hook('project_03', 'cmake_prefix_path')
[14.477s] INFO:colcon.colcon_core.shell:Creating environment hook '/root/ros2_ws/src/project_03/install/project_03/share/project_03/hook/cmake_prefix_path.ps1'
[14.477s] INFO:colcon.colcon_core.shell:Creating environment descriptor '/root/ros2_ws/src/project_03/install/project_03/share/project_03/hook/cmake_prefix_path.dsv'
[14.477s] INFO:colcon.colcon_core.shell:Creating environment hook '/root/ros2_ws/src/project_03/install/project_03/share/project_03/hook/cmake_prefix_path.sh'
[14.478s] Level 1:colcon.colcon_core.environment:checking '/root/ros2_ws/src/project_03/install/project_03/lib'
[14.478s] Level 1:colcon.colcon_core.environment:checking '/root/ros2_ws/src/project_03/install/project_03/bin'
[14.478s] Level 1:colcon.colcon_core.environment:checking '/root/ros2_ws/src/project_03/install/project_03/lib/pkgconfig/project_03.pc'
[14.478s] Level 1:colcon.colcon_core.environment:checking '/root/ros2_ws/src/project_03/install/project_03/lib/python3.10/site-packages'
[14.478s] Level 1:colcon.colcon_core.environment:checking '/root/ros2_ws/src/project_03/install/project_03/bin'
[14.479s] INFO:colcon.colcon_core.shell:Creating package script '/root/ros2_ws/src/project_03/install/project_03/share/project_03/package.ps1'
[14.479s] INFO:colcon.colcon_core.shell:Creating package descriptor '/root/ros2_ws/src/project_03/install/project_03/share/project_03/package.dsv'
[14.479s] INFO:colcon.colcon_core.shell:Creating package script '/root/ros2_ws/src/project_03/install/project_03/share/project_03/package.sh'
[14.480s] INFO:colcon.colcon_core.shell:Creating package script '/root/ros2_ws/src/project_03/install/project_03/share/project_03/package.bash'
[14.480s] INFO:colcon.colcon_core.shell:Creating package script '/root/ros2_ws/src/project_03/install/project_03/share/project_03/package.zsh'
[14.480s] Level 1:colcon.colcon_core.environment:create_file_with_runtime_dependencies(/root/ros2_ws/src/project_03/install/project_03/share/colcon-core/packages/project_03)
[14.481s] DEBUG:colcon.colcon_parallel_executor.executor.parallel:closing loop
[14.482s] DEBUG:colcon.colcon_parallel_executor.executor.parallel:loop closed
[14.482s] DEBUG:colcon.colcon_parallel_executor.executor.parallel:run_until_complete finished with '0'
[14.482s] DEBUG:colcon.colcon_core.event_reactor:joining thread
[14.571s] INFO:colcon.colcon_core.plugin_system:Skipping extension 'colcon_notification.desktop_notification.notify_send': Could not find 'notify-send'
[14.571s] INFO:colcon.colcon_core.plugin_system:Skipping extension 'colcon_notification.desktop_notification.terminal_notifier': Not used on non-Darwin systems
[14.571s] INFO:colcon.colcon_core.plugin_system:Skipping extension 'colcon_notification.desktop_notification.win32': Not used on non-Windows systems
[14.571s] INFO:colcon.colcon_notification.desktop_notification:Sending desktop notification using 'notify2'
[14.572s] DEBUG:colcon.colcon_notification.desktop_notification.notify2:Failed to initialize notify2: org.freedesktop.DBus.Error.ServiceUnknown: The name org.freedesktop.Notifications was not provided by any .service files
[14.572s] DEBUG:colcon.colcon_core.event_reactor:joined thread
[14.572s] INFO:colcon.colcon_core.shell:Creating prefix script '/root/ros2_ws/src/project_03/install/local_setup.ps1'
[14.573s] INFO:colcon.colcon_core.shell:Creating prefix util module '/root/ros2_ws/src/project_03/install/_local_setup_util_ps1.py'
[14.574s] INFO:colcon.colcon_core.shell:Creating prefix chain script '/root/ros2_ws/src/project_03/install/setup.ps1'
[14.576s] INFO:colcon.colcon_core.shell:Creating prefix script '/root/ros2_ws/src/project_03/install/local_setup.sh'
[14.577s] INFO:colcon.colcon_core.shell:Creating prefix util module '/root/ros2_ws/src/project_03/install/_local_setup_util_sh.py'
[14.577s] INFO:colcon.colcon_core.shell:Creating prefix chain script '/root/ros2_ws/src/project_03/install/setup.sh'
[14.579s] INFO:colcon.colcon_core.shell:Creating prefix script '/root/ros2_ws/src/project_03/install/local_setup.bash'
[14.579s] INFO:colcon.colcon_core.shell:Creating prefix chain script '/root/ros2_ws/src/project_03/install/setup.bash'
[14.581s] INFO:colcon.colcon_core.shell:Creating prefix script '/root/ros2_ws/src/project_03/install/local_setup.zsh'
[14.581s] INFO:colcon.colcon_core.shell:Creating prefix chain script '/root/ros2_ws/src/project_03/install/setup.zsh'
