[0.241s] DEBUG:colcon:Command line arguments: ['/usr/bin/colcon', 'build']
[0.241s] DEBUG:colcon:Parsed command line arguments: Namespace(log_base=None, log_level=None, verb_name='build', build_base='build', install_base='install', merge_install=False, symlink_install=False, test_result_base=None, continue_on_error=False, executor='parallel', parallel_workers=8, event_handlers=None, ignore_user_meta=False, metas=['./colcon.meta'], base_paths=['.'], packages_ignore=None, packages_ignore_regex=None, paths=None, packages_up_to=None, packages_up_to_regex=None, packages_above=None, packages_above_and_dependencies=None, packages_above_depth=None, packages_select_by_dep=None, packages_skip_by_dep=None, packages_skip_up_to=None, packages_select_build_failed=False, packages_skip_build_finished=False, packages_select_test_failures=False, packages_skip_test_passed=False, packages_select=None, packages_skip=None, packages_select_regex=None, packages_skip_regex=None, packages_start=None, packages_end=None, allow_overriding=[], cmake_args=None, cmake_target=None, cmake_target_skip_unavailable=False, cmake_clean_cache=False, cmake_clean_first=False, cmake_force_configure=False, ament_cmake_args=None, catkin_cmake_args=None, catkin_skip_building_tests=False, verb_parser=<colcon_defaults.argument_parser.defaults.DefaultArgumentsDecorator object at 0x7fb74bfa7070>, verb_extension=<colcon_core.verb.build.BuildVerb object at 0x7fb74bfa6230>, main=<bound method BuildVerb.main of <colcon_core.verb.build.BuildVerb object at 0x7fb74bfa6230>>)
[0.541s] Level 1:colcon.colcon_core.package_discovery:discover_packages(colcon_meta) check parameters
[0.541s] Level 1:colcon.colcon_core.package_discovery:discover_packages(recursive) check parameters
[0.541s] Level 1:colcon.colcon_core.package_discovery:discover_packages(ignore) check parameters
[0.541s] Level 1:colcon.colcon_core.package_discovery:discover_packages(path) check parameters
[0.541s] Level 1:colcon.colcon_core.package_discovery:discover_packages(colcon_meta) discover
[0.541s] Level 1:colcon.colcon_core.package_discovery:discover_packages(recursive) discover
[0.541s] INFO:colcon.colcon_core.package_discovery:Crawling recursively for packages in '/root/ros2_ws/src/project_03'
[0.541s] Level 1:colcon.colcon_core.package_identification:_identify(.) by extensions ['ignore', 'ignore_ament_install']
[0.541s] Level 1:colcon.colcon_core.package_identification:_identify(.) by extension 'ignore'
[0.541s] Level 1:colcon.colcon_core.package_identification:_identify(.) by extension 'ignore_ament_install'
[0.541s] Level 1:colcon.colcon_core.package_identification:_identify(.) by extensions ['colcon_pkg']
[0.541s] Level 1:colcon.colcon_core.package_identification:_identify(.) by extension 'colcon_pkg'
[0.541s] Level 1:colcon.colcon_core.package_identification:_identify(.) by extensions ['colcon_meta']
[0.541s] Level 1:colcon.colcon_core.package_identification:_identify(.) by extension 'colcon_meta'
[0.541s] Level 1:colcon.colcon_core.package_identification:_identify(.) by extensions ['ros']
[0.541s] Level 1:colcon.colcon_core.package_identification:_identify(.) by extension 'ros'
[0.556s] DEBUG:colcon.colcon_core.package_identification:Package '.' with type 'ros.ament_cmake' and name 'goto_node'
[0.557s] Level 1:colcon.colcon_core.package_discovery:discover_packages(recursive) using defaults
[0.557s] Level 1:colcon.colcon_core.package_discovery:discover_packages(ignore) discover
[0.557s] Level 1:colcon.colcon_core.package_discovery:discover_packages(ignore) using defaults
[0.557s] Level 1:colcon.colcon_core.package_discovery:discover_packages(path) discover
[0.557s] Level 1:colcon.colcon_core.package_discovery:discover_packages(path) using defaults
[0.584s] Level 1:colcon.colcon_core.package_discovery:discover_packages(prefix_path) check parameters
[0.584s] Level 1:colcon.colcon_core.package_discovery:discover_packages(prefix_path) discover
[0.588s] DEBUG:colcon.colcon_installed_package_information.package_discovery:Found 363 installed packages in /opt/ros/humble
[0.598s] Level 1:colcon.colcon_core.package_discovery:discover_packages(prefix_path) using defaults
[0.629s] Level 5:colcon.colcon_core.verb:set package 'goto_node' build argument 'cmake_args' from command line to 'None'
[0.629s] Level 5:colcon.colcon_core.verb:set package 'goto_node' build argument 'cmake_target' from command line to 'None'
[0.629s] Level 5:colcon.colcon_core.verb:set package 'goto_node' build argument 'cmake_target_skip_unavailable' from command line to 'False'
[0.629s] Level 5:colcon.colcon_core.verb:set package 'goto_node' build argument 'cmake_clean_cache' from command line to 'False'
[0.629s] Level 5:colcon.colcon_core.verb:set package 'goto_node' build argument 'cmake_clean_first' from command line to 'False'
[0.629s] Level 5:colcon.colcon_core.verb:set package 'goto_node' build argument 'cmake_force_configure' from command line to 'False'
[0.629s] Level 5:colcon.colcon_core.verb:set package 'goto_node' build argument 'ament_cmake_args' from command line to 'None'
[0.629s] Level 5:colcon.colcon_core.verb:set package 'goto_node' build argument 'catkin_cmake_args' from command line to 'None'
[0.629s] Level 5:colcon.colcon_core.verb:set package 'goto_node' build argument 'catkin_skip_building_tests' from command line to 'False'
[0.629s] DEBUG:colcon.colcon_core.verb:Building package 'goto_node' with the following arguments: {'ament_cmake_args': None, 'build_base': '/root/ros2_ws/src/project_03/build/goto_node', 'catkin_cmake_args': None, 'catkin_skip_building_tests': False, 'cmake_args': None, 'cmake_clean_cache': False, 'cmake_clean_first': False, 'cmake_force_configure': False, 'cmake_target': None, 'cmake_target_skip_unavailable': False, 'install_base': '/root/ros2_ws/src/project_03/install/goto_node', 'merge_install': False, 'path': '/root/ros2_ws/src/project_03', 'symlink_install': False, 'test_result_base': None}
[0.629s] INFO:colcon.colcon_core.executor:Executing jobs using 'parallel' executor
[0.631s] DEBUG:colcon.colcon_parallel_executor.executor.parallel:run_until_complete
[0.631s] INFO:colcon.colcon_ros.task.ament_cmake.build:Building ROS package in '/root/ros2_ws/src/project_03' with build type 'ament_cmake'
[0.631s] INFO:colcon.colcon_cmake.task.cmake.build:Building CMake package in '/root/ros2_ws/src/project_03'
[0.638s] INFO:colcon.colcon_core.plugin_system:Skipping extension 'colcon_core.shell.bat': Not used on non-Windows systems
[0.638s] INFO:colcon.colcon_core.shell:Skip shell extension 'powershell' for command environment: Not usable outside of PowerShell
[0.638s] DEBUG:colcon.colcon_core.shell:Skip shell extension 'dsv' for command environment
[0.650s] DEBUG:colcon.colcon_core.event_handler.log_command:Invoking command in '/root/ros2_ws/src/project_03/build/goto_node': CMAKE_PREFIX_PATH=/opt/ros/humble /usr/bin/cmake --build /root/ros2_ws/src/project_03/build/goto_node -- -j8 -l8
[5.045s] DEBUG:colcon.colcon_core.event_handler.log_command:Invoked command in '/root/ros2_ws/src/project_03/build/goto_node' returned '2': CMAKE_PREFIX_PATH=/opt/ros/humble /usr/bin/cmake --build /root/ros2_ws/src/project_03/build/goto_node -- -j8 -l8
[5.047s] Level 1:colcon.colcon_core.environment:create_environment_scripts_only(goto_node)
[5.058s] Level 1:colcon.colcon_core.environment:checking '/root/ros2_ws/src/project_03/install/goto_node' for CMake module files
[5.058s] Level 1:colcon.colcon_core.environment:checking '/root/ros2_ws/src/project_03/install/goto_node' for CMake config files
[5.058s] Level 1:colcon.colcon_core.shell:create_environment_hook('goto_node', 'cmake_prefix_path')
[5.059s] INFO:colcon.colcon_core.shell:Creating environment hook '/root/ros2_ws/src/project_03/install/goto_node/share/goto_node/hook/cmake_prefix_path.ps1'
[5.060s] INFO:colcon.colcon_core.shell:Creating environment descriptor '/root/ros2_ws/src/project_03/install/goto_node/share/goto_node/hook/cmake_prefix_path.dsv'
[5.061s] INFO:colcon.colcon_core.shell:Creating environment hook '/root/ros2_ws/src/project_03/install/goto_node/share/goto_node/hook/cmake_prefix_path.sh'
[5.062s] Level 1:colcon.colcon_core.environment:checking '/root/ros2_ws/src/project_03/install/goto_node/lib'
[5.062s] Level 1:colcon.colcon_core.environment:checking '/root/ros2_ws/src/project_03/install/goto_node/bin'
[5.062s] Level 1:colcon.colcon_core.environment:checking '/root/ros2_ws/src/project_03/install/goto_node/lib/pkgconfig/goto_node.pc'
[5.062s] Level 1:colcon.colcon_core.environment:checking '/root/ros2_ws/src/project_03/install/goto_node/lib/python3.10/site-packages'
[5.062s] Level 1:colcon.colcon_core.environment:checking '/root/ros2_ws/src/project_03/install/goto_node/bin'
[5.062s] INFO:colcon.colcon_core.shell:Creating package script '/root/ros2_ws/src/project_03/install/goto_node/share/goto_node/package.ps1'
[5.064s] INFO:colcon.colcon_core.shell:Creating package descriptor '/root/ros2_ws/src/project_03/install/goto_node/share/goto_node/package.dsv'
[5.065s] INFO:colcon.colcon_core.shell:Creating package script '/root/ros2_ws/src/project_03/install/goto_node/share/goto_node/package.sh'
[5.066s] INFO:colcon.colcon_core.shell:Creating package script '/root/ros2_ws/src/project_03/install/goto_node/share/goto_node/package.bash'
[5.067s] INFO:colcon.colcon_core.shell:Creating package script '/root/ros2_ws/src/project_03/install/goto_node/share/goto_node/package.zsh'
[5.068s] Level 1:colcon.colcon_core.environment:create_file_with_runtime_dependencies(/root/ros2_ws/src/project_03/install/goto_node/share/colcon-core/packages/goto_node)
[5.079s] DEBUG:colcon.colcon_parallel_executor.executor.parallel:closing loop
[5.079s] DEBUG:colcon.colcon_parallel_executor.executor.parallel:loop closed
[5.079s] DEBUG:colcon.colcon_parallel_executor.executor.parallel:run_until_complete finished with '2'
[5.080s] DEBUG:colcon.colcon_core.event_reactor:joining thread
[5.121s] INFO:colcon.colcon_core.plugin_system:Skipping extension 'colcon_notification.desktop_notification.notify_send': Could not find 'notify-send'
[5.121s] INFO:colcon.colcon_core.plugin_system:Skipping extension 'colcon_notification.desktop_notification.terminal_notifier': Not used on non-Darwin systems
[5.121s] INFO:colcon.colcon_core.plugin_system:Skipping extension 'colcon_notification.desktop_notification.win32': Not used on non-Windows systems
[5.121s] INFO:colcon.colcon_notification.desktop_notification:Sending desktop notification using 'notify2'
[5.123s] DEBUG:colcon.colcon_notification.desktop_notification.notify2:Failed to initialize notify2: org.freedesktop.DBus.Error.ServiceUnknown: The name org.freedesktop.Notifications was not provided by any .service files
[5.123s] DEBUG:colcon.colcon_core.event_reactor:joined thread
[5.124s] INFO:colcon.colcon_core.shell:Creating prefix script '/root/ros2_ws/src/project_03/install/local_setup.ps1'
[5.125s] INFO:colcon.colcon_core.shell:Creating prefix util module '/root/ros2_ws/src/project_03/install/_local_setup_util_ps1.py'
[5.126s] INFO:colcon.colcon_core.shell:Creating prefix chain script '/root/ros2_ws/src/project_03/install/setup.ps1'
[5.127s] INFO:colcon.colcon_core.shell:Creating prefix script '/root/ros2_ws/src/project_03/install/local_setup.sh'
[5.128s] INFO:colcon.colcon_core.shell:Creating prefix util module '/root/ros2_ws/src/project_03/install/_local_setup_util_sh.py'
[5.128s] INFO:colcon.colcon_core.shell:Creating prefix chain script '/root/ros2_ws/src/project_03/install/setup.sh'
[5.129s] INFO:colcon.colcon_core.shell:Creating prefix script '/root/ros2_ws/src/project_03/install/local_setup.bash'
[5.130s] INFO:colcon.colcon_core.shell:Creating prefix chain script '/root/ros2_ws/src/project_03/install/setup.bash'
[5.131s] INFO:colcon.colcon_core.shell:Creating prefix script '/root/ros2_ws/src/project_03/install/local_setup.zsh'
[5.132s] INFO:colcon.colcon_core.shell:Creating prefix chain script '/root/ros2_ws/src/project_03/install/setup.zsh'
