[35m[1mConsolidate compiler generated dependencies of target target_sequence_node[0m
[ 50%] Built target goto_target_node
[ 75%] [32mBuilding CXX object CMakeFiles/target_sequence_node.dir/src/target_sequence_node.cpp.o[0m
[100%] [32m[1mLinking CXX executable target_sequence_node[0m
[100%] Built target target_sequence_node
-- Install configuration: ""
-- Installing: /root/ros2_ws/src/project_03/install/project_03/lib/project_03/goto_target_node
-- Set runtime path of "/root/ros2_ws/src/project_03/install/project_03/lib/project_03/goto_target_node" to ""
-- Installing: /root/ros2_ws/src/project_03/install/project_03/lib/project_03/target_sequence_node
-- Set runtime path of "/root/ros2_ws/src/project_03/install/project_03/lib/project_03/target_sequence_node" to ""
-- Up-to-date: /root/ros2_ws/src/project_03/install/project_03/share/project_03/launch
-- Up-to-date: /root/ros2_ws/src/project_03/install/project_03/share/project_03/launch/test.launch.py
-- Up-to-date: /root/ros2_ws/src/project_03/install/project_03/share/ament_index/resource_index/package_run_dependencies/project_03
-- Installing: /root/ros2_ws/src/project_03/install/project_03/share/ament_index/resource_index/parent_prefix_path/project_03
-- Up-to-date: /root/ros2_ws/src/project_03/install/project_03/share/project_03/environment/ament_prefix_path.sh
-- Installing: /root/ros2_ws/src/project_03/install/project_03/share/project_03/environment/ament_prefix_path.dsv
-- Up-to-date: /root/ros2_ws/src/project_03/install/project_03/share/project_03/environment/path.sh
-- Installing: /root/ros2_ws/src/project_03/install/project_03/share/project_03/environment/path.dsv
-- Up-to-date: /root/ros2_ws/src/project_03/install/project_03/share/project_03/local_setup.bash
-- Up-to-date: /root/ros2_ws/src/project_03/install/project_03/share/project_03/local_setup.sh
-- Up-to-date: /root/ros2_ws/src/project_03/install/project_03/share/project_03/local_setup.zsh
-- Installing: /root/ros2_ws/src/project_03/install/project_03/share/project_03/local_setup.dsv
-- Installing: /root/ros2_ws/src/project_03/install/project_03/share/project_03/package.dsv
-- Up-to-date: /root/ros2_ws/src/project_03/install/project_03/share/ament_index/resource_index/packages/project_03
-- Up-to-date: /root/ros2_ws/src/project_03/install/project_03/share/project_03/cmake/ament_cmake_export_dependencies-extras.cmake
-- Up-to-date: /root/ros2_ws/src/project_03/install/project_03/share/project_03/cmake/project_03Config.cmake
-- Up-to-date: /root/ros2_ws/src/project_03/install/project_03/share/project_03/cmake/project_03Config-version.cmake
-- Up-to-date: /root/ros2_ws/src/project_03/install/project_03/share/project_03/package.xml
