[0.015s] Invoking command in '/root/ros2_ws/src/project_03/build/project_03': CMAKE_PREFIX_PATH=${CMAKE_PREFIX_PATH}:/root/ros2_ws/install/turtlebot3_teleop:/root/ros2_ws/install/turtlebot3_example:/opt/ros/humble /usr/bin/cmake --build /root/ros2_ws/src/project_03/build/project_03 -- -j8 -l8
[0.055s] [35m[1mConsolidate compiler generated dependencies of target target_sequence_node[0m
[0.071s] [ 50%] Built target goto_target_node
[0.079s] [ 75%] [32mBuilding CXX object CMakeFiles/target_sequence_node.dir/src/target_sequence_node.cpp.o[0m
[2.266s] [01m[K/root/ros2_ws/src/project_03/src/target_sequence_node.cpp:[m[K In member function ‘[01m[Kvoid TargetSequenceNode::clean_rectangle(double, double, double, double)[m[K’:
[2.266s] [01m[K/root/ros2_ws/src/project_03/src/target_sequence_node.cpp:35:63:[m[K [01;35m[Kwarning: [m[Kunused parameter ‘[01m[Ky2[m[K’ [[01;35m[K]8;;https://gcc.gnu.org/onlinedocs/gcc/Warning-Options.html#index-Wunused-parameter-Wunused-parameter]8;;[m[K]
[2.266s]    35 | void clean_rectangle( double x1, double y1, double x2, [01;35m[Kdouble y2[m[K) {
[2.266s]       |                                                        [01;35m[K~~~~~~~^~[m[K
[7.349s] [100%] [32m[1mLinking CXX executable target_sequence_node[0m
[7.754s] [100%] Built target target_sequence_node
[7.767s] Invoked command in '/root/ros2_ws/src/project_03/build/project_03' returned '0': CMAKE_PREFIX_PATH=${CMAKE_PREFIX_PATH}:/root/ros2_ws/install/turtlebot3_teleop:/root/ros2_ws/install/turtlebot3_example:/opt/ros/humble /usr/bin/cmake --build /root/ros2_ws/src/project_03/build/project_03 -- -j8 -l8
[7.775s] Invoking command in '/root/ros2_ws/src/project_03/build/project_03': CMAKE_PREFIX_PATH=${CMAKE_PREFIX_PATH}:/root/ros2_ws/install/turtlebot3_teleop:/root/ros2_ws/install/turtlebot3_example:/opt/ros/humble /usr/bin/cmake --install /root/ros2_ws/src/project_03/build/project_03
[7.782s] -- Install configuration: ""
[7.782s] -- Installing: /root/ros2_ws/src/project_03/install/project_03/lib/project_03/goto_target_node
[7.785s] -- Set runtime path of "/root/ros2_ws/src/project_03/install/project_03/lib/project_03/goto_target_node" to ""
[7.785s] -- Installing: /root/ros2_ws/src/project_03/install/project_03/lib/project_03/target_sequence_node
[7.788s] -- Set runtime path of "/root/ros2_ws/src/project_03/install/project_03/lib/project_03/target_sequence_node" to ""
[7.788s] -- Up-to-date: /root/ros2_ws/src/project_03/install/project_03/share/project_03/launch
[7.788s] -- Up-to-date: /root/ros2_ws/src/project_03/install/project_03/share/project_03/launch/test.launch.py
[7.788s] -- Up-to-date: /root/ros2_ws/src/project_03/install/project_03/share/ament_index/resource_index/package_run_dependencies/project_03
[7.789s] -- Installing: /root/ros2_ws/src/project_03/install/project_03/share/ament_index/resource_index/parent_prefix_path/project_03
[7.789s] -- Up-to-date: /root/ros2_ws/src/project_03/install/project_03/share/project_03/environment/ament_prefix_path.sh
[7.789s] -- Installing: /root/ros2_ws/src/project_03/install/project_03/share/project_03/environment/ament_prefix_path.dsv
[7.789s] -- Up-to-date: /root/ros2_ws/src/project_03/install/project_03/share/project_03/environment/path.sh
[7.789s] -- Installing: /root/ros2_ws/src/project_03/install/project_03/share/project_03/environment/path.dsv
[7.789s] -- Up-to-date: /root/ros2_ws/src/project_03/install/project_03/share/project_03/local_setup.bash
[7.789s] -- Up-to-date: /root/ros2_ws/src/project_03/install/project_03/share/project_03/local_setup.sh
[7.789s] -- Up-to-date: /root/ros2_ws/src/project_03/install/project_03/share/project_03/local_setup.zsh
[7.789s] -- Installing: /root/ros2_ws/src/project_03/install/project_03/share/project_03/local_setup.dsv
[7.790s] -- Installing: /root/ros2_ws/src/project_03/install/project_03/share/project_03/package.dsv
[7.790s] -- Up-to-date: /root/ros2_ws/src/project_03/install/project_03/share/ament_index/resource_index/packages/project_03
[7.790s] -- Up-to-date: /root/ros2_ws/src/project_03/install/project_03/share/project_03/cmake/ament_cmake_export_dependencies-extras.cmake
[7.790s] -- Up-to-date: /root/ros2_ws/src/project_03/install/project_03/share/project_03/cmake/project_03Config.cmake
[7.790s] -- Up-to-date: /root/ros2_ws/src/project_03/install/project_03/share/project_03/cmake/project_03Config-version.cmake
[7.790s] -- Up-to-date: /root/ros2_ws/src/project_03/install/project_03/share/project_03/package.xml
[7.791s] Invoked command in '/root/ros2_ws/src/project_03/build/project_03' returned '0': CMAKE_PREFIX_PATH=${CMAKE_PREFIX_PATH}:/root/ros2_ws/install/turtlebot3_teleop:/root/ros2_ws/install/turtlebot3_example:/opt/ros/humble /usr/bin/cmake --install /root/ros2_ws/src/project_03/build/project_03
