[0.384s] DEBUG:colcon:Command line arguments: ['/usr/bin/colcon', 'build']
[0.384s] DEBUG:colcon:Parsed command line arguments: Namespace(log_base=None, log_level=None, verb_name='build', build_base='build', install_base='install', merge_install=False, symlink_install=False, test_result_base=None, continue_on_error=False, executor='parallel', parallel_workers=8, event_handlers=None, ignore_user_meta=False, metas=['./colcon.meta'], base_paths=['.'], packages_ignore=None, packages_ignore_regex=None, paths=None, packages_up_to=None, packages_up_to_regex=None, packages_above=None, packages_above_and_dependencies=None, packages_above_depth=None, packages_select_by_dep=None, packages_skip_by_dep=None, packages_skip_up_to=None, packages_select_build_failed=False, packages_skip_build_finished=False, packages_select_test_failures=False, packages_skip_test_passed=False, packages_select=None, packages_skip=None, packages_select_regex=None, packages_skip_regex=None, packages_start=None, packages_end=None, allow_overriding=[], cmake_args=None, cmake_target=None, cmake_target_skip_unavailable=False, cmake_clean_cache=False, cmake_clean_first=False, cmake_force_configure=False, ament_cmake_args=None, catkin_cmake_args=None, catkin_skip_building_tests=False, verb_parser=<colcon_defaults.argument_parser.defaults.DefaultArgumentsDecorator object at 0x7f74695d8850>, verb_extension=<colcon_core.verb.build.BuildVerb object at 0x7f74695d8220>, main=<bound method BuildVerb.main of <colcon_core.verb.build.BuildVerb object at 0x7f74695d8220>>)
[0.648s] Level 1:colcon.colcon_core.package_discovery:discover_packages(colcon_meta) check parameters
[0.648s] Level 1:colcon.colcon_core.package_discovery:discover_packages(recursive) check parameters
[0.648s] Level 1:colcon.colcon_core.package_discovery:discover_packages(ignore) check parameters
[0.648s] Level 1:colcon.colcon_core.package_discovery:discover_packages(path) check parameters
[0.648s] Level 1:colcon.colcon_core.package_discovery:discover_packages(colcon_meta) discover
[0.648s] Level 1:colcon.colcon_core.package_discovery:discover_packages(recursive) discover
[0.648s] INFO:colcon.colcon_core.package_discovery:Crawling recursively for packages in '/root/ros2_ws/src/turtlebot3_ws/src/turtlebot3_Project01'
[0.649s] Level 1:colcon.colcon_core.package_identification:_identify(.) by extensions ['ignore', 'ignore_ament_install']
[0.649s] Level 1:colcon.colcon_core.package_identification:_identify(.) by extension 'ignore'
[0.649s] Level 1:colcon.colcon_core.package_identification:_identify(.) by extension 'ignore_ament_install'
[0.649s] Level 1:colcon.colcon_core.package_identification:_identify(.) by extensions ['colcon_pkg']
[0.649s] Level 1:colcon.colcon_core.package_identification:_identify(.) by extension 'colcon_pkg'
[0.649s] Level 1:colcon.colcon_core.package_identification:_identify(.) by extensions ['colcon_meta']
[0.649s] Level 1:colcon.colcon_core.package_identification:_identify(.) by extension 'colcon_meta'
[0.650s] Level 1:colcon.colcon_core.package_identification:_identify(.) by extensions ['ros']
[0.650s] Level 1:colcon.colcon_core.package_identification:_identify(.) by extension 'ros'
[0.692s] DEBUG:colcon.colcon_core.package_identification:Package '.' with type 'ros.ament_cmake' and name 'turtlebot3_Project01'
[0.692s] Level 1:colcon.colcon_core.package_discovery:discover_packages(recursive) using defaults
[0.692s] Level 1:colcon.colcon_core.package_discovery:discover_packages(ignore) discover
[0.692s] Level 1:colcon.colcon_core.package_discovery:discover_packages(ignore) using defaults
[0.692s] Level 1:colcon.colcon_core.package_discovery:discover_packages(path) discover
[0.692s] Level 1:colcon.colcon_core.package_discovery:discover_packages(path) using defaults
[0.728s] Level 1:colcon.colcon_core.package_discovery:discover_packages(prefix_path) check parameters
[0.728s] Level 1:colcon.colcon_core.package_discovery:discover_packages(prefix_path) discover
[0.734s] DEBUG:colcon.colcon_installed_package_information.package_discovery:Found 21 installed packages in /root/ros2_ws/install
[0.737s] DEBUG:colcon.colcon_installed_package_information.package_discovery:Found 365 installed packages in /opt/ros/humble
[0.741s] Level 1:colcon.colcon_core.package_discovery:discover_packages(prefix_path) using defaults
[0.805s] Level 5:colcon.colcon_core.verb:set package 'turtlebot3_Project01' build argument 'cmake_args' from command line to 'None'
[0.805s] Level 5:colcon.colcon_core.verb:set package 'turtlebot3_Project01' build argument 'cmake_target' from command line to 'None'
[0.805s] Level 5:colcon.colcon_core.verb:set package 'turtlebot3_Project01' build argument 'cmake_target_skip_unavailable' from command line to 'False'
[0.806s] Level 5:colcon.colcon_core.verb:set package 'turtlebot3_Project01' build argument 'cmake_clean_cache' from command line to 'False'
[0.806s] Level 5:colcon.colcon_core.verb:set package 'turtlebot3_Project01' build argument 'cmake_clean_first' from command line to 'False'
[0.806s] Level 5:colcon.colcon_core.verb:set package 'turtlebot3_Project01' build argument 'cmake_force_configure' from command line to 'False'
[0.806s] Level 5:colcon.colcon_core.verb:set package 'turtlebot3_Project01' build argument 'ament_cmake_args' from command line to 'None'
[0.806s] Level 5:colcon.colcon_core.verb:set package 'turtlebot3_Project01' build argument 'catkin_cmake_args' from command line to 'None'
[0.806s] Level 5:colcon.colcon_core.verb:set package 'turtlebot3_Project01' build argument 'catkin_skip_building_tests' from command line to 'False'
[0.806s] DEBUG:colcon.colcon_core.verb:Building package 'turtlebot3_Project01' with the following arguments: {'ament_cmake_args': None, 'build_base': '/root/ros2_ws/src/turtlebot3_ws/src/turtlebot3_Project01/build/turtlebot3_Project01', 'catkin_cmake_args': None, 'catkin_skip_building_tests': False, 'cmake_args': None, 'cmake_clean_cache': False, 'cmake_clean_first': False, 'cmake_force_configure': False, 'cmake_target': None, 'cmake_target_skip_unavailable': False, 'install_base': '/root/ros2_ws/src/turtlebot3_ws/src/turtlebot3_Project01/install/turtlebot3_Project01', 'merge_install': False, 'path': '/root/ros2_ws/src/turtlebot3_ws/src/turtlebot3_Project01', 'symlink_install': False, 'test_result_base': None}
[0.806s] INFO:colcon.colcon_core.executor:Executing jobs using 'parallel' executor
[0.808s] DEBUG:colcon.colcon_parallel_executor.executor.parallel:run_until_complete
[0.808s] INFO:colcon.colcon_ros.task.ament_cmake.build:Building ROS package in '/root/ros2_ws/src/turtlebot3_ws/src/turtlebot3_Project01' with build type 'ament_cmake'
[0.809s] INFO:colcon.colcon_cmake.task.cmake.build:Building CMake package in '/root/ros2_ws/src/turtlebot3_ws/src/turtlebot3_Project01'
[0.814s] INFO:colcon.colcon_core.plugin_system:Skipping extension 'colcon_core.shell.bat': Not used on non-Windows systems
[0.814s] INFO:colcon.colcon_core.shell:Skip shell extension 'powershell' for command environment: Not usable outside of PowerShell
[0.815s] DEBUG:colcon.colcon_core.shell:Skip shell extension 'dsv' for command environment
[0.840s] DEBUG:colcon.colcon_core.event_handler.log_command:Invoking command in '/root/ros2_ws/src/turtlebot3_ws/src/turtlebot3_Project01/build/turtlebot3_Project01': CMAKE_PREFIX_PATH=${CMAKE_PREFIX_PATH}:/root/ros2_ws/install/turtlebot3_teleop:/root/ros2_ws/install/turtlebot3_example:/root/ros2_ws/install/my_turtlebot_config:/opt/ros/humble /usr/bin/cmake --build /root/ros2_ws/src/turtlebot3_ws/src/turtlebot3_Project01/build/turtlebot3_Project01 -- -j8 -l8
[18.411s] DEBUG:colcon.colcon_core.event_handler.log_command:Invoked command in '/root/ros2_ws/src/turtlebot3_ws/src/turtlebot3_Project01/build/turtlebot3_Project01' returned '0': CMAKE_PREFIX_PATH=${CMAKE_PREFIX_PATH}:/root/ros2_ws/install/turtlebot3_teleop:/root/ros2_ws/install/turtlebot3_example:/root/ros2_ws/install/my_turtlebot_config:/opt/ros/humble /usr/bin/cmake --build /root/ros2_ws/src/turtlebot3_ws/src/turtlebot3_Project01/build/turtlebot3_Project01 -- -j8 -l8
[18.426s] DEBUG:colcon.colcon_core.event_handler.log_command:Invoking command in '/root/ros2_ws/src/turtlebot3_ws/src/turtlebot3_Project01/build/turtlebot3_Project01': CMAKE_PREFIX_PATH=${CMAKE_PREFIX_PATH}:/root/ros2_ws/install/turtlebot3_teleop:/root/ros2_ws/install/turtlebot3_example:/root/ros2_ws/install/my_turtlebot_config:/opt/ros/humble /usr/bin/cmake --install /root/ros2_ws/src/turtlebot3_ws/src/turtlebot3_Project01/build/turtlebot3_Project01
[18.452s] Level 1:colcon.colcon_core.environment:create_environment_scripts_only(turtlebot3_Project01)
[18.453s] DEBUG:colcon.colcon_core.event_handler.log_command:Invoked command in '/root/ros2_ws/src/turtlebot3_ws/src/turtlebot3_Project01/build/turtlebot3_Project01' returned '0': CMAKE_PREFIX_PATH=${CMAKE_PREFIX_PATH}:/root/ros2_ws/install/turtlebot3_teleop:/root/ros2_ws/install/turtlebot3_example:/root/ros2_ws/install/my_turtlebot_config:/opt/ros/humble /usr/bin/cmake --install /root/ros2_ws/src/turtlebot3_ws/src/turtlebot3_Project01/build/turtlebot3_Project01
[18.456s] Level 1:colcon.colcon_core.environment:checking '/root/ros2_ws/src/turtlebot3_ws/src/turtlebot3_Project01/install/turtlebot3_Project01' for CMake module files
[18.457s] Level 1:colcon.colcon_core.environment:checking '/root/ros2_ws/src/turtlebot3_ws/src/turtlebot3_Project01/install/turtlebot3_Project01' for CMake config files
[18.458s] Level 1:colcon.colcon_core.shell:create_environment_hook('turtlebot3_Project01', 'cmake_prefix_path')
[18.459s] INFO:colcon.colcon_core.shell:Creating environment hook '/root/ros2_ws/src/turtlebot3_ws/src/turtlebot3_Project01/install/turtlebot3_Project01/share/turtlebot3_Project01/hook/cmake_prefix_path.ps1'
[18.461s] INFO:colcon.colcon_core.shell:Creating environment descriptor '/root/ros2_ws/src/turtlebot3_ws/src/turtlebot3_Project01/install/turtlebot3_Project01/share/turtlebot3_Project01/hook/cmake_prefix_path.dsv'
[18.463s] INFO:colcon.colcon_core.shell:Creating environment hook '/root/ros2_ws/src/turtlebot3_ws/src/turtlebot3_Project01/install/turtlebot3_Project01/share/turtlebot3_Project01/hook/cmake_prefix_path.sh'
[18.465s] Level 1:colcon.colcon_core.environment:checking '/root/ros2_ws/src/turtlebot3_ws/src/turtlebot3_Project01/install/turtlebot3_Project01/lib'
[18.466s] Level 1:colcon.colcon_core.environment:checking '/root/ros2_ws/src/turtlebot3_ws/src/turtlebot3_Project01/install/turtlebot3_Project01/bin'
[18.466s] Level 1:colcon.colcon_core.environment:checking '/root/ros2_ws/src/turtlebot3_ws/src/turtlebot3_Project01/install/turtlebot3_Project01/lib/pkgconfig/turtlebot3_Project01.pc'
[18.467s] Level 1:colcon.colcon_core.environment:checking '/root/ros2_ws/src/turtlebot3_ws/src/turtlebot3_Project01/install/turtlebot3_Project01/lib/python3.10/site-packages'
[18.467s] Level 1:colcon.colcon_core.environment:checking '/root/ros2_ws/src/turtlebot3_ws/src/turtlebot3_Project01/install/turtlebot3_Project01/bin'
[18.468s] INFO:colcon.colcon_core.shell:Creating package script '/root/ros2_ws/src/turtlebot3_ws/src/turtlebot3_Project01/install/turtlebot3_Project01/share/turtlebot3_Project01/package.ps1'
[18.469s] INFO:colcon.colcon_core.shell:Creating package descriptor '/root/ros2_ws/src/turtlebot3_ws/src/turtlebot3_Project01/install/turtlebot3_Project01/share/turtlebot3_Project01/package.dsv'
[18.471s] INFO:colcon.colcon_core.shell:Creating package script '/root/ros2_ws/src/turtlebot3_ws/src/turtlebot3_Project01/install/turtlebot3_Project01/share/turtlebot3_Project01/package.sh'
[18.472s] INFO:colcon.colcon_core.shell:Creating package script '/root/ros2_ws/src/turtlebot3_ws/src/turtlebot3_Project01/install/turtlebot3_Project01/share/turtlebot3_Project01/package.bash'
[18.473s] INFO:colcon.colcon_core.shell:Creating package script '/root/ros2_ws/src/turtlebot3_ws/src/turtlebot3_Project01/install/turtlebot3_Project01/share/turtlebot3_Project01/package.zsh'
[18.474s] Level 1:colcon.colcon_core.environment:create_file_with_runtime_dependencies(/root/ros2_ws/src/turtlebot3_ws/src/turtlebot3_Project01/install/turtlebot3_Project01/share/colcon-core/packages/turtlebot3_Project01)
[18.475s] Level 1:colcon.colcon_core.environment:create_environment_scripts_only(turtlebot3_Project01)
[18.475s] Level 1:colcon.colcon_core.environment:checking '/root/ros2_ws/src/turtlebot3_ws/src/turtlebot3_Project01/install/turtlebot3_Project01' for CMake module files
[18.475s] Level 1:colcon.colcon_core.environment:checking '/root/ros2_ws/src/turtlebot3_ws/src/turtlebot3_Project01/install/turtlebot3_Project01' for CMake config files
[18.476s] Level 1:colcon.colcon_core.shell:create_environment_hook('turtlebot3_Project01', 'cmake_prefix_path')
[18.476s] INFO:colcon.colcon_core.shell:Creating environment hook '/root/ros2_ws/src/turtlebot3_ws/src/turtlebot3_Project01/install/turtlebot3_Project01/share/turtlebot3_Project01/hook/cmake_prefix_path.ps1'
[18.477s] INFO:colcon.colcon_core.shell:Creating environment descriptor '/root/ros2_ws/src/turtlebot3_ws/src/turtlebot3_Project01/install/turtlebot3_Project01/share/turtlebot3_Project01/hook/cmake_prefix_path.dsv'
[18.478s] INFO:colcon.colcon_core.shell:Creating environment hook '/root/ros2_ws/src/turtlebot3_ws/src/turtlebot3_Project01/install/turtlebot3_Project01/share/turtlebot3_Project01/hook/cmake_prefix_path.sh'
[18.479s] Level 1:colcon.colcon_core.environment:checking '/root/ros2_ws/src/turtlebot3_ws/src/turtlebot3_Project01/install/turtlebot3_Project01/lib'
[18.479s] Level 1:colcon.colcon_core.environment:checking '/root/ros2_ws/src/turtlebot3_ws/src/turtlebot3_Project01/install/turtlebot3_Project01/bin'
[18.480s] Level 1:colcon.colcon_core.environment:checking '/root/ros2_ws/src/turtlebot3_ws/src/turtlebot3_Project01/install/turtlebot3_Project01/lib/pkgconfig/turtlebot3_Project01.pc'
[18.480s] Level 1:colcon.colcon_core.environment:checking '/root/ros2_ws/src/turtlebot3_ws/src/turtlebot3_Project01/install/turtlebot3_Project01/lib/python3.10/site-packages'
[18.481s] Level 1:colcon.colcon_core.environment:checking '/root/ros2_ws/src/turtlebot3_ws/src/turtlebot3_Project01/install/turtlebot3_Project01/bin'
[18.481s] INFO:colcon.colcon_core.shell:Creating package script '/root/ros2_ws/src/turtlebot3_ws/src/turtlebot3_Project01/install/turtlebot3_Project01/share/turtlebot3_Project01/package.ps1'
[18.482s] INFO:colcon.colcon_core.shell:Creating package descriptor '/root/ros2_ws/src/turtlebot3_ws/src/turtlebot3_Project01/install/turtlebot3_Project01/share/turtlebot3_Project01/package.dsv'
[18.483s] INFO:colcon.colcon_core.shell:Creating package script '/root/ros2_ws/src/turtlebot3_ws/src/turtlebot3_Project01/install/turtlebot3_Project01/share/turtlebot3_Project01/package.sh'
[18.484s] INFO:colcon.colcon_core.shell:Creating package script '/root/ros2_ws/src/turtlebot3_ws/src/turtlebot3_Project01/install/turtlebot3_Project01/share/turtlebot3_Project01/package.bash'
[18.484s] INFO:colcon.colcon_core.shell:Creating package script '/root/ros2_ws/src/turtlebot3_ws/src/turtlebot3_Project01/install/turtlebot3_Project01/share/turtlebot3_Project01/package.zsh'
[18.485s] Level 1:colcon.colcon_core.environment:create_file_with_runtime_dependencies(/root/ros2_ws/src/turtlebot3_ws/src/turtlebot3_Project01/install/turtlebot3_Project01/share/colcon-core/packages/turtlebot3_Project01)
[18.485s] DEBUG:colcon.colcon_parallel_executor.executor.parallel:closing loop
[18.487s] DEBUG:colcon.colcon_parallel_executor.executor.parallel:loop closed
[18.487s] DEBUG:colcon.colcon_parallel_executor.executor.parallel:run_until_complete finished with '0'
[18.487s] DEBUG:colcon.colcon_core.event_reactor:joining thread
[18.580s] INFO:colcon.colcon_core.plugin_system:Skipping extension 'colcon_notification.desktop_notification.notify_send': Could not find 'notify-send'
[18.581s] INFO:colcon.colcon_core.plugin_system:Skipping extension 'colcon_notification.desktop_notification.terminal_notifier': Not used on non-Darwin systems
[18.581s] INFO:colcon.colcon_core.plugin_system:Skipping extension 'colcon_notification.desktop_notification.win32': Not used on non-Windows systems
[18.581s] INFO:colcon.colcon_notification.desktop_notification:Sending desktop notification using 'notify2'
[18.582s] DEBUG:colcon.colcon_notification.desktop_notification.notify2:Failed to initialize notify2: org.freedesktop.DBus.Error.ServiceUnknown: The name org.freedesktop.Notifications was not provided by any .service files
[18.583s] DEBUG:colcon.colcon_core.event_reactor:joined thread
[18.583s] INFO:colcon.colcon_core.shell:Creating prefix script '/root/ros2_ws/src/turtlebot3_ws/src/turtlebot3_Project01/install/local_setup.ps1'
[18.585s] INFO:colcon.colcon_core.shell:Creating prefix util module '/root/ros2_ws/src/turtlebot3_ws/src/turtlebot3_Project01/install/_local_setup_util_ps1.py'
[18.588s] INFO:colcon.colcon_core.shell:Creating prefix chain script '/root/ros2_ws/src/turtlebot3_ws/src/turtlebot3_Project01/install/setup.ps1'
[18.590s] INFO:colcon.colcon_core.shell:Creating prefix script '/root/ros2_ws/src/turtlebot3_ws/src/turtlebot3_Project01/install/local_setup.sh'
[18.591s] INFO:colcon.colcon_core.shell:Creating prefix util module '/root/ros2_ws/src/turtlebot3_ws/src/turtlebot3_Project01/install/_local_setup_util_sh.py'
[18.592s] INFO:colcon.colcon_core.shell:Creating prefix chain script '/root/ros2_ws/src/turtlebot3_ws/src/turtlebot3_Project01/install/setup.sh'
[18.597s] INFO:colcon.colcon_core.shell:Creating prefix script '/root/ros2_ws/src/turtlebot3_ws/src/turtlebot3_Project01/install/local_setup.bash'
[18.598s] INFO:colcon.colcon_core.shell:Creating prefix chain script '/root/ros2_ws/src/turtlebot3_ws/src/turtlebot3_Project01/install/setup.bash'
[18.601s] INFO:colcon.colcon_core.shell:Creating prefix script '/root/ros2_ws/src/turtlebot3_ws/src/turtlebot3_Project01/install/local_setup.zsh'
[18.602s] INFO:colcon.colcon_core.shell:Creating prefix chain script '/root/ros2_ws/src/turtlebot3_ws/src/turtlebot3_Project01/install/setup.zsh'
