[0.021s] Invoking command in '/root/ros2_ws/src/project_03/build/goto_node': CMAKE_PREFIX_PATH=/opt/ros/humble /usr/bin/cmake --build /root/ros2_ws/src/project_03/build/goto_node -- -j8 -l8
[0.080s] -- Found ament_cmake: 1.3.11 (/opt/ros/humble/share/ament_cmake/cmake)
[0.228s] -- Found ament_index_cpp: 1.4.0 (/opt/ros/humble/share/ament_index_cpp/cmake)
[0.230s] -- Found geometry_msgs: 4.2.4 (/opt/ros/humble/share/geometry_msgs/cmake)
[0.351s] -- Found rosidl_generator_c: 3.1.6 (/opt/ros/humble/share/rosidl_generator_c/cmake)
[0.354s] -- Found rosidl_adapter: 3.1.6 (/opt/ros/humble/share/rosidl_adapter/cmake)
[0.367s] -- Found rosidl_generator_cpp: 3.1.6 (/opt/ros/humble/share/rosidl_generator_cpp/cmake)
[0.386s] -- Using all available rosidl_typesupport_c: rosidl_typesupport_fastrtps_c;rosidl_typesupport_introspection_c
[0.406s] -- Using all available rosidl_typesupport_cpp: rosidl_typesupport_fastrtps_cpp;rosidl_typesupport_introspection_cpp
[0.465s] -- Found rclcpp: 16.0.11 (/opt/ros/humble/share/rclcpp/cmake)
[0.499s] -- Found rmw_implementation_cmake: 6.1.2 (/opt/ros/humble/share/rmw_implementation_cmake/cmake)
[0.502s] -- Found rmw_fastrtps_cpp: 6.2.7 (/opt/ros/humble/share/rmw_fastrtps_cpp/cmake)
[3.003s] -- Using RMW implementation 'rmw_fastrtps_cpp' as default
[3.060s] -- Found rclcpp_action: 16.0.11 (/opt/ros/humble/share/rclcpp_action/cmake)
[3.103s] -- Found std_srvs: 4.2.4 (/opt/ros/humble/share/std_srvs/cmake)
[3.123s] -- Found turtlesim: 1.4.2 (/opt/ros/humble/share/turtlesim/cmake)
[3.146s] -- Found ament_lint_auto: 0.12.11 (/opt/ros/humble/share/ament_lint_auto/cmake)
[3.228s] -- Added test 'cppcheck' to perform static code analysis on C / C++ code
[3.228s] -- Configured cppcheck include dirs: $<BUILD_INTERFACE:/root/ros2_ws/src/project_03/include>
[3.228s] -- Configured cppcheck exclude dirs and/or files: 
[3.230s] -- Added test 'flake8' to check Python code syntax and style conventions
[3.235s] -- Added test 'lint_cmake' to check CMake code style
[3.237s] -- Added test 'pep257' to check Python code against some of the docstring style conventions in PEP 257
[3.247s] -- Added test 'uncrustify' to check C / C++ code style
[3.248s] -- Configured uncrustify additional arguments: 
[3.250s] -- Added test 'xmllint' to check XML markup files
[3.252s] -- Configuring done
[3.270s] -- Generating done
[3.275s] -- Build files have been written to: /root/ros2_ws/src/project_03/build/goto_node
[3.294s] [35m[1mConsolidate compiler generated dependencies of target target_publisher_node[0m
[3.294s] [35m[1mConsolidate compiler generated dependencies of target goto_node[0m
[3.307s] [ 25%] [32mBuilding CXX object CMakeFiles/goto_node.dir/src/goto_node.cpp.o[0m
[3.309s] [ 50%] [32mBuilding CXX object CMakeFiles/target_publisher_node.dir/src/target_publisher_node.cpp.o[0m
[7.096s] [ 75%] [32m[1mLinking CXX executable target_publisher_node[0m
[7.426s] [ 75%] Built target target_publisher_node
[11.982s] [100%] [32m[1mLinking CXX executable goto_node[0m
[12.474s] [100%] Built target goto_node
[12.484s] Invoked command in '/root/ros2_ws/src/project_03/build/goto_node' returned '0': CMAKE_PREFIX_PATH=/opt/ros/humble /usr/bin/cmake --build /root/ros2_ws/src/project_03/build/goto_node -- -j8 -l8
[12.491s] Invoking command in '/root/ros2_ws/src/project_03/build/goto_node': CMAKE_PREFIX_PATH=/opt/ros/humble /usr/bin/cmake --install /root/ros2_ws/src/project_03/build/goto_node
[12.495s] -- Install configuration: ""
[12.495s] -- Installing: /root/ros2_ws/src/project_03/install/goto_node/lib/goto_node/goto_node
[12.500s] -- Set runtime path of "/root/ros2_ws/src/project_03/install/goto_node/lib/goto_node/goto_node" to ""
[12.500s] -- Up-to-date: /root/ros2_ws/src/project_03/install/goto_node/share/ament_index/resource_index/package_run_dependencies/goto_node
[12.500s] -- Installing: /root/ros2_ws/src/project_03/install/goto_node/share/ament_index/resource_index/parent_prefix_path/goto_node
[12.501s] -- Installing: /root/ros2_ws/src/project_03/install/goto_node/share/goto_node/environment/ament_prefix_path.sh
[12.501s] -- Installing: /root/ros2_ws/src/project_03/install/goto_node/share/goto_node/environment/ament_prefix_path.dsv
[12.501s] -- Installing: /root/ros2_ws/src/project_03/install/goto_node/share/goto_node/environment/path.sh
[12.501s] -- Installing: /root/ros2_ws/src/project_03/install/goto_node/share/goto_node/environment/path.dsv
[12.501s] -- Up-to-date: /root/ros2_ws/src/project_03/install/goto_node/share/goto_node/local_setup.bash
[12.501s] -- Up-to-date: /root/ros2_ws/src/project_03/install/goto_node/share/goto_node/local_setup.sh
[12.501s] -- Up-to-date: /root/ros2_ws/src/project_03/install/goto_node/share/goto_node/local_setup.zsh
[12.501s] -- Installing: /root/ros2_ws/src/project_03/install/goto_node/share/goto_node/local_setup.dsv
[12.501s] -- Installing: /root/ros2_ws/src/project_03/install/goto_node/share/goto_node/package.dsv
[12.501s] -- Up-to-date: /root/ros2_ws/src/project_03/install/goto_node/share/ament_index/resource_index/packages/goto_node
[12.501s] -- Up-to-date: /root/ros2_ws/src/project_03/install/goto_node/share/goto_node/cmake/goto_nodeConfig.cmake
[12.501s] -- Up-to-date: /root/ros2_ws/src/project_03/install/goto_node/share/goto_node/cmake/goto_nodeConfig-version.cmake
[12.501s] -- Up-to-date: /root/ros2_ws/src/project_03/install/goto_node/share/goto_node/package.xml
[12.503s] Invoked command in '/root/ros2_ws/src/project_03/build/goto_node' returned '0': CMAKE_PREFIX_PATH=/opt/ros/humble /usr/bin/cmake --install /root/ros2_ws/src/project_03/build/goto_node
