[0.025s] Invoking command in '/root/ros2_ws/src/project_03/build/goto_node': CMAKE_PREFIX_PATH=/opt/ros/humble /usr/bin/cmake --build /root/ros2_ws/src/project_03/build/goto_node -- -j8 -l8
[0.109s] [35m[1mConsolidate compiler generated dependencies of target target_publisher_node[0m
[0.143s] [ 75%] Built target goto_node
[0.143s] [ 75%] [32mBuilding CXX object CMakeFiles/target_publisher_node.dir/src/target_publisher_node.cpp.o[0m
[3.980s] [100%] [32m[1mLinking CXX executable target_publisher_node[0m
[4.305s] [100%] Built target target_publisher_node
[4.313s] Invoked command in '/root/ros2_ws/src/project_03/build/goto_node' returned '0': CMAKE_PREFIX_PATH=/opt/ros/humble /usr/bin/cmake --build /root/ros2_ws/src/project_03/build/goto_node -- -j8 -l8
[4.324s] Invoking command in '/root/ros2_ws/src/project_03/build/goto_node': CMAKE_PREFIX_PATH=/opt/ros/humble /usr/bin/cmake --install /root/ros2_ws/src/project_03/build/goto_node
[4.329s] -- Install configuration: ""
[4.330s] -- Up-to-date: /root/ros2_ws/src/project_03/install/goto_node/lib/goto_node/goto_node
[4.330s] -- Up-to-date: /root/ros2_ws/src/project_03/install/goto_node/share/ament_index/resource_index/package_run_dependencies/goto_node
[4.331s] -- Up-to-date: /root/ros2_ws/src/project_03/install/goto_node/share/ament_index/resource_index/parent_prefix_path/goto_node
[4.331s] -- Up-to-date: /root/ros2_ws/src/project_03/install/goto_node/share/goto_node/environment/ament_prefix_path.sh
[4.331s] -- Up-to-date: /root/ros2_ws/src/project_03/install/goto_node/share/goto_node/environment/ament_prefix_path.dsv
[4.331s] -- Up-to-date: /root/ros2_ws/src/project_03/install/goto_node/share/goto_node/environment/path.sh
[4.331s] -- Up-to-date: /root/ros2_ws/src/project_03/install/goto_node/share/goto_node/environment/path.dsv
[4.331s] -- Up-to-date: /root/ros2_ws/src/project_03/install/goto_node/share/goto_node/local_setup.bash
[4.331s] -- Up-to-date: /root/ros2_ws/src/project_03/install/goto_node/share/goto_node/local_setup.sh
[4.331s] -- Up-to-date: /root/ros2_ws/src/project_03/install/goto_node/share/goto_node/local_setup.zsh
[4.332s] -- Up-to-date: /root/ros2_ws/src/project_03/install/goto_node/share/goto_node/local_setup.dsv
[4.332s] -- Installing: /root/ros2_ws/src/project_03/install/goto_node/share/goto_node/package.dsv
[4.332s] -- Up-to-date: /root/ros2_ws/src/project_03/install/goto_node/share/ament_index/resource_index/packages/goto_node
[4.332s] -- Up-to-date: /root/ros2_ws/src/project_03/install/goto_node/share/goto_node/cmake/goto_nodeConfig.cmake
[4.332s] -- Up-to-date: /root/ros2_ws/src/project_03/install/goto_node/share/goto_node/cmake/goto_nodeConfig-version.cmake
[4.332s] -- Up-to-date: /root/ros2_ws/src/project_03/install/goto_node/share/goto_node/package.xml
[4.334s] Invoked command in '/root/ros2_ws/src/project_03/build/goto_node' returned '0': CMAKE_PREFIX_PATH=/opt/ros/humble /usr/bin/cmake --install /root/ros2_ws/src/project_03/build/goto_node
