[0.011s] Invoking command in '/root/ros2_ws/src/project_03/build/goto_node': CMAKE_PREFIX_PATH=/opt/ros/humble /usr/bin/cmake --build /root/ros2_ws/src/project_03/build/goto_node -- -j8 -l8
[0.047s] -- Found ament_cmake: 1.3.11 (/opt/ros/humble/share/ament_cmake/cmake)
[0.207s] -- Found ament_index_cpp: 1.4.0 (/opt/ros/humble/share/ament_index_cpp/cmake)
[0.210s] -- Found geometry_msgs: 4.2.4 (/opt/ros/humble/share/geometry_msgs/cmake)
[0.331s] -- Found rosidl_generator_c: 3.1.6 (/opt/ros/humble/share/rosidl_generator_c/cmake)
[0.334s] -- Found rosidl_adapter: 3.1.6 (/opt/ros/humble/share/rosidl_adapter/cmake)
[0.343s] -- Found rosidl_generator_cpp: 3.1.6 (/opt/ros/humble/share/rosidl_generator_cpp/cmake)
[0.359s] -- Using all available rosidl_typesupport_c: rosidl_typesupport_fastrtps_c;rosidl_typesupport_introspection_c
[0.377s] -- Using all available rosidl_typesupport_cpp: rosidl_typesupport_fastrtps_cpp;rosidl_typesupport_introspection_cpp
[0.436s] -- Found rclcpp: 16.0.11 (/opt/ros/humble/share/rclcpp/cmake)
[0.489s] -- Found rmw_implementation_cmake: 6.1.2 (/opt/ros/humble/share/rmw_implementation_cmake/cmake)
[0.493s] -- Found rmw_fastrtps_cpp: 6.2.7 (/opt/ros/humble/share/rmw_fastrtps_cpp/cmake)
[3.392s] -- Using RMW implementation 'rmw_fastrtps_cpp' as default
[3.455s] -- Found rclcpp_action: 16.0.11 (/opt/ros/humble/share/rclcpp_action/cmake)
[3.502s] -- Found std_srvs: 4.2.4 (/opt/ros/humble/share/std_srvs/cmake)
[3.519s] -- Found turtlesim: 1.4.2 (/opt/ros/humble/share/turtlesim/cmake)
[3.543s] [31mCMake Error at CMakeLists.txt:27 (add_executable):
[3.543s]   add_executable cannot create target "goto_node" because another target with
[3.543s]   the same name already exists.  The existing target is an executable created
[3.543s]   in source directory "/root/ros2_ws/src/project_03".  See documentation for
[3.543s]   policy CMP0002 for more details.
[3.544s] 
[3.544s] [0m
[3.546s] -- Found ament_lint_auto: 0.12.11 (/opt/ros/humble/share/ament_lint_auto/cmake)
[3.690s] -- Added test 'cppcheck' to perform static code analysis on C / C++ code
[3.690s] -- Configured cppcheck include dirs: $<BUILD_INTERFACE:/root/ros2_ws/src/project_03/include>
[3.690s] -- Configured cppcheck exclude dirs and/or files: 
[3.693s] -- Added test 'flake8' to check Python code syntax and style conventions
[3.698s] -- Added test 'lint_cmake' to check CMake code style
[3.701s] -- Added test 'pep257' to check Python code against some of the docstring style conventions in PEP 257
[3.718s] -- Added test 'uncrustify' to check C / C++ code style
[3.718s] -- Configured uncrustify additional arguments: 
[3.721s] -- Added test 'xmllint' to check XML markup files
[3.723s] -- Configuring incomplete, errors occurred!
[3.724s] See also "/root/ros2_ws/src/project_03/build/goto_node/CMakeFiles/CMakeOutput.log".
[3.732s] gmake: *** [Makefile:267: cmake_check_build_system] Error 1
[3.737s] Invoked command in '/root/ros2_ws/src/project_03/build/goto_node' returned '2': CMAKE_PREFIX_PATH=/opt/ros/humble /usr/bin/cmake --build /root/ros2_ws/src/project_03/build/goto_node -- -j8 -l8
