[0.017s] Invoking command in '/root/ros2_ws/src/project_03/build/goto_node': CMAKE_PREFIX_PATH=/opt/ros/humble /usr/bin/cmake /root/ros2_ws/src/project_03 -DCMAKE_INSTALL_PREFIX=/root/ros2_ws/src/project_03/install/goto_node
[0.042s] -- Found ament_cmake: 1.3.11 (/opt/ros/humble/share/ament_cmake/cmake)
[0.172s] -- Found ament_index_cpp: 1.4.0 (/opt/ros/humble/share/ament_index_cpp/cmake)
[0.174s] -- Found geometry_msgs: 4.2.4 (/opt/ros/humble/share/geometry_msgs/cmake)
[0.282s] -- Found rosidl_generator_c: 3.1.6 (/opt/ros/humble/share/rosidl_generator_c/cmake)
[0.285s] -- Found rosidl_adapter: 3.1.6 (/opt/ros/humble/share/rosidl_adapter/cmake)
[0.293s] -- Found rosidl_generator_cpp: 3.1.6 (/opt/ros/humble/share/rosidl_generator_cpp/cmake)
[0.307s] -- Using all available rosidl_typesupport_c: rosidl_typesupport_fastrtps_c;rosidl_typesupport_introspection_c
[0.323s] -- Using all available rosidl_typesupport_cpp: rosidl_typesupport_fastrtps_cpp;rosidl_typesupport_introspection_cpp
[0.366s] -- Found rclcpp: 16.0.11 (/opt/ros/humble/share/rclcpp/cmake)
[0.403s] -- Found rmw_implementation_cmake: 6.1.2 (/opt/ros/humble/share/rmw_implementation_cmake/cmake)
[0.406s] -- Found rmw_fastrtps_cpp: 6.2.7 (/opt/ros/humble/share/rmw_fastrtps_cpp/cmake)
[3.113s] -- Using RMW implementation 'rmw_fastrtps_cpp' as default
[3.161s] -- Found rclcpp_action: 16.0.11 (/opt/ros/humble/share/rclcpp_action/cmake)
[3.205s] -- Found std_srvs: 4.2.4 (/opt/ros/humble/share/std_srvs/cmake)
[3.221s] -- Found turtlesim: 1.4.2 (/opt/ros/humble/share/turtlesim/cmake)
[3.241s] -- Found ament_lint_auto: 0.12.11 (/opt/ros/humble/share/ament_lint_auto/cmake)
[3.335s] -- Added test 'cppcheck' to perform static code analysis on C / C++ code
[3.335s] -- Configured cppcheck include dirs: $<BUILD_INTERFACE:/root/ros2_ws/src/project_03/include>
[3.335s] -- Configured cppcheck exclude dirs and/or files: 
[3.336s] -- Added test 'flake8' to check Python code syntax and style conventions
[3.339s] -- Added test 'lint_cmake' to check CMake code style
[3.341s] -- Added test 'pep257' to check Python code against some of the docstring style conventions in PEP 257
[3.347s] -- Added test 'uncrustify' to check C / C++ code style
[3.347s] -- Configured uncrustify additional arguments: 
[3.348s] -- Added test 'xmllint' to check XML markup files
[3.350s] -- Configuring done
[3.363s] -- Generating done
[3.366s] -- Build files have been written to: /root/ros2_ws/src/project_03/build/goto_node
[3.373s] Invoked command in '/root/ros2_ws/src/project_03/build/goto_node' returned '0': CMAKE_PREFIX_PATH=/opt/ros/humble /usr/bin/cmake /root/ros2_ws/src/project_03 -DCMAKE_INSTALL_PREFIX=/root/ros2_ws/src/project_03/install/goto_node
[3.375s] Invoking command in '/root/ros2_ws/src/project_03/build/goto_node': CMAKE_PREFIX_PATH=/opt/ros/humble /usr/bin/cmake --build /root/ros2_ws/src/project_03/build/goto_node -- -j8 -l8
[3.411s] [ 50%] [32mBuilding CXX object CMakeFiles/goto_node.dir/src/goto_node.cpp.o[0m
[9.782s] [100%] [32m[1mLinking CXX executable goto_node[0m
[10.242s] [100%] Built target goto_node
[10.250s] Invoked command in '/root/ros2_ws/src/project_03/build/goto_node' returned '0': CMAKE_PREFIX_PATH=/opt/ros/humble /usr/bin/cmake --build /root/ros2_ws/src/project_03/build/goto_node -- -j8 -l8
[10.258s] Invoking command in '/root/ros2_ws/src/project_03/build/goto_node': CMAKE_PREFIX_PATH=/opt/ros/humble /usr/bin/cmake --install /root/ros2_ws/src/project_03/build/goto_node
[10.263s] -- Install configuration: ""
[10.264s] -- Installing: /root/ros2_ws/src/project_03/install/goto_node/lib/goto_node/goto_node
[10.269s] -- Set runtime path of "/root/ros2_ws/src/project_03/install/goto_node/lib/goto_node/goto_node" to ""
[10.269s] -- Installing: /root/ros2_ws/src/project_03/install/goto_node/share/ament_index/resource_index/package_run_dependencies/goto_node
[10.269s] -- Installing: /root/ros2_ws/src/project_03/install/goto_node/share/ament_index/resource_index/parent_prefix_path/goto_node
[10.269s] -- Installing: /root/ros2_ws/src/project_03/install/goto_node/share/goto_node/environment/ament_prefix_path.sh
[10.270s] -- Installing: /root/ros2_ws/src/project_03/install/goto_node/share/goto_node/environment/ament_prefix_path.dsv
[10.270s] -- Installing: /root/ros2_ws/src/project_03/install/goto_node/share/goto_node/environment/path.sh
[10.270s] -- Installing: /root/ros2_ws/src/project_03/install/goto_node/share/goto_node/environment/path.dsv
[10.270s] -- Installing: /root/ros2_ws/src/project_03/install/goto_node/share/goto_node/local_setup.bash
[10.270s] -- Installing: /root/ros2_ws/src/project_03/install/goto_node/share/goto_node/local_setup.sh
[10.270s] -- Installing: /root/ros2_ws/src/project_03/install/goto_node/share/goto_node/local_setup.zsh
[10.270s] -- Installing: /root/ros2_ws/src/project_03/install/goto_node/share/goto_node/local_setup.dsv
[10.271s] -- Installing: /root/ros2_ws/src/project_03/install/goto_node/share/goto_node/package.dsv
[10.271s] -- Installing: /root/ros2_ws/src/project_03/install/goto_node/share/ament_index/resource_index/packages/goto_node
[10.271s] -- Installing: /root/ros2_ws/src/project_03/install/goto_node/share/goto_node/cmake/goto_nodeConfig.cmake
[10.271s] -- Installing: /root/ros2_ws/src/project_03/install/goto_node/share/goto_node/cmake/goto_nodeConfig-version.cmake
[10.271s] -- Installing: /root/ros2_ws/src/project_03/install/goto_node/share/goto_node/package.xml
[10.274s] Invoked command in '/root/ros2_ws/src/project_03/build/goto_node' returned '0': CMAKE_PREFIX_PATH=/opt/ros/humble /usr/bin/cmake --install /root/ros2_ws/src/project_03/build/goto_node
