[35m[1mConsolidate compiler generated dependencies of target navigate_to_tf_target_node[0m
[ 50%] Built target input_target_tf_node
[ 75%] [32mBuilding CXX object CMakeFiles/navigate_to_tf_target_node.dir/src/navigate_to_tf_target_node.cpp.o[0m
[100%] [32m[1mLinking CXX executable navigate_to_tf_target_node[0m
[100%] Built target navigate_to_tf_target_node
-- Install configuration: ""
-- Installing: /root/ros2_ws/src/turtlebot3_ws/src/turtlebot3_Project01/install/turtlebot3_Project01/lib/turtlebot3_Project01/navigate_to_tf_target_node
-- Set runtime path of "/root/ros2_ws/src/turtlebot3_ws/src/turtlebot3_Project01/install/turtlebot3_Project01/lib/turtlebot3_Project01/navigate_to_tf_target_node" to ""
-- Installing: /root/ros2_ws/src/turtlebot3_ws/src/turtlebot3_Project01/install/turtlebot3_Project01/lib/turtlebot3_Project01/input_target_tf_node
-- Set runtime path of "/root/ros2_ws/src/turtlebot3_ws/src/turtlebot3_Project01/install/turtlebot3_Project01/lib/turtlebot3_Project01/input_target_tf_node" to ""
-- Installing: /root/ros2_ws/src/turtlebot3_ws/src/turtlebot3_Project01/install/turtlebot3_Project01/share/turtlebot3_Project01/launch
-- Installing: /root/ros2_ws/src/turtlebot3_ws/src/turtlebot3_Project01/install/turtlebot3_Project01/share/turtlebot3_Project01/launch/test.launch.py
-- Installing: /root/ros2_ws/src/turtlebot3_ws/src/turtlebot3_Project01/install/turtlebot3_Project01/share/ament_index/resource_index/package_run_dependencies/turtlebot3_Project01
-- Installing: /root/ros2_ws/src/turtlebot3_ws/src/turtlebot3_Project01/install/turtlebot3_Project01/share/ament_index/resource_index/parent_prefix_path/turtlebot3_Project01
-- Installing: /root/ros2_ws/src/turtlebot3_ws/src/turtlebot3_Project01/install/turtlebot3_Project01/share/turtlebot3_Project01/environment/ament_prefix_path.sh
-- Installing: /root/ros2_ws/src/turtlebot3_ws/src/turtlebot3_Project01/install/turtlebot3_Project01/share/turtlebot3_Project01/environment/ament_prefix_path.dsv
-- Installing: /root/ros2_ws/src/turtlebot3_ws/src/turtlebot3_Project01/install/turtlebot3_Project01/share/turtlebot3_Project01/environment/path.sh
-- Installing: /root/ros2_ws/src/turtlebot3_ws/src/turtlebot3_Project01/install/turtlebot3_Project01/share/turtlebot3_Project01/environment/path.dsv
-- Installing: /root/ros2_ws/src/turtlebot3_ws/src/turtlebot3_Project01/install/turtlebot3_Project01/share/turtlebot3_Project01/local_setup.bash
-- Installing: /root/ros2_ws/src/turtlebot3_ws/src/turtlebot3_Project01/install/turtlebot3_Project01/share/turtlebot3_Project01/local_setup.sh
-- Installing: /root/ros2_ws/src/turtlebot3_ws/src/turtlebot3_Project01/install/turtlebot3_Project01/share/turtlebot3_Project01/local_setup.zsh
-- Installing: /root/ros2_ws/src/turtlebot3_ws/src/turtlebot3_Project01/install/turtlebot3_Project01/share/turtlebot3_Project01/local_setup.dsv
-- Installing: /root/ros2_ws/src/turtlebot3_ws/src/turtlebot3_Project01/install/turtlebot3_Project01/share/turtlebot3_Project01/package.dsv
-- Installing: /root/ros2_ws/src/turtlebot3_ws/src/turtlebot3_Project01/install/turtlebot3_Project01/share/ament_index/resource_index/packages/turtlebot3_Project01
-- Installing: /root/ros2_ws/src/turtlebot3_ws/src/turtlebot3_Project01/install/turtlebot3_Project01/share/turtlebot3_Project01/cmake/turtlebot3_Project01Config.cmake
-- Installing: /root/ros2_ws/src/turtlebot3_ws/src/turtlebot3_Project01/install/turtlebot3_Project01/share/turtlebot3_Project01/cmake/turtlebot3_Project01Config-version.cmake
-- Installing: /root/ros2_ws/src/turtlebot3_ws/src/turtlebot3_Project01/install/turtlebot3_Project01/share/turtlebot3_Project01/package.xml
