[0.021s] Invoking command in '/root/ros2_ws/src/turtlebot3_ws/src/turtlebot3_Project01/build/turtlebot3_Project01': CMAKE_PREFIX_PATH=${CMAKE_PREFIX_PATH}:/root/ros2_ws/install/turtlebot3_teleop:/root/ros2_ws/install/turtlebot3_example:/root/ros2_ws/install/my_turtlebot_config:/opt/ros/humble /usr/bin/cmake --build /root/ros2_ws/src/turtlebot3_ws/src/turtlebot3_Project01/build/turtlebot3_Project01 -- -j8 -l8
[0.079s] [35m[1mConsolidate compiler generated dependencies of target navigate_to_tf_target_node[0m
[0.104s] [ 50%] Built target input_target_tf_node
[0.115s] [ 75%] [32mBuilding CXX object CMakeFiles/navigate_to_tf_target_node.dir/src/navigate_to_tf_target_node.cpp.o[0m
[16.010s] [100%] [32m[1mLinking CXX executable navigate_to_tf_target_node[0m
[16.769s] [100%] Built target navigate_to_tf_target_node
[16.783s] Invoked command in '/root/ros2_ws/src/turtlebot3_ws/src/turtlebot3_Project01/build/turtlebot3_Project01' returned '0': CMAKE_PREFIX_PATH=${CMAKE_PREFIX_PATH}:/root/ros2_ws/install/turtlebot3_teleop:/root/ros2_ws/install/turtlebot3_example:/root/ros2_ws/install/my_turtlebot_config:/opt/ros/humble /usr/bin/cmake --build /root/ros2_ws/src/turtlebot3_ws/src/turtlebot3_Project01/build/turtlebot3_Project01 -- -j8 -l8
[16.799s] Invoking command in '/root/ros2_ws/src/turtlebot3_ws/src/turtlebot3_Project01/build/turtlebot3_Project01': CMAKE_PREFIX_PATH=${CMAKE_PREFIX_PATH}:/root/ros2_ws/install/turtlebot3_teleop:/root/ros2_ws/install/turtlebot3_example:/root/ros2_ws/install/my_turtlebot_config:/opt/ros/humble /usr/bin/cmake --install /root/ros2_ws/src/turtlebot3_ws/src/turtlebot3_Project01/build/turtlebot3_Project01
[16.809s] -- Install configuration: ""
[16.810s] -- Installing: /root/ros2_ws/src/turtlebot3_ws/src/turtlebot3_Project01/install/turtlebot3_Project01/lib/turtlebot3_Project01/navigate_to_tf_target_node
[16.815s] -- Set runtime path of "/root/ros2_ws/src/turtlebot3_ws/src/turtlebot3_Project01/install/turtlebot3_Project01/lib/turtlebot3_Project01/navigate_to_tf_target_node" to ""
[16.815s] -- Up-to-date: /root/ros2_ws/src/turtlebot3_ws/src/turtlebot3_Project01/install/turtlebot3_Project01/lib/turtlebot3_Project01/input_target_tf_node
[16.816s] -- Up-to-date: /root/ros2_ws/src/turtlebot3_ws/src/turtlebot3_Project01/install/turtlebot3_Project01/share/turtlebot3_Project01/launch
[16.816s] -- Up-to-date: /root/ros2_ws/src/turtlebot3_ws/src/turtlebot3_Project01/install/turtlebot3_Project01/share/turtlebot3_Project01/launch/test.launch.py
[16.818s] -- Up-to-date: /root/ros2_ws/src/turtlebot3_ws/src/turtlebot3_Project01/install/turtlebot3_Project01/share/ament_index/resource_index/package_run_dependencies/turtlebot3_Project01
[16.818s] -- Up-to-date: /root/ros2_ws/src/turtlebot3_ws/src/turtlebot3_Project01/install/turtlebot3_Project01/share/ament_index/resource_index/parent_prefix_path/turtlebot3_Project01
[16.819s] -- Up-to-date: /root/ros2_ws/src/turtlebot3_ws/src/turtlebot3_Project01/install/turtlebot3_Project01/share/turtlebot3_Project01/environment/ament_prefix_path.sh
[16.819s] -- Up-to-date: /root/ros2_ws/src/turtlebot3_ws/src/turtlebot3_Project01/install/turtlebot3_Project01/share/turtlebot3_Project01/environment/ament_prefix_path.dsv
[16.819s] -- Up-to-date: /root/ros2_ws/src/turtlebot3_ws/src/turtlebot3_Project01/install/turtlebot3_Project01/share/turtlebot3_Project01/environment/path.sh
[16.819s] -- Up-to-date: /root/ros2_ws/src/turtlebot3_ws/src/turtlebot3_Project01/install/turtlebot3_Project01/share/turtlebot3_Project01/environment/path.dsv
[16.820s] -- Up-to-date: /root/ros2_ws/src/turtlebot3_ws/src/turtlebot3_Project01/install/turtlebot3_Project01/share/turtlebot3_Project01/local_setup.bash
[16.820s] -- Up-to-date: /root/ros2_ws/src/turtlebot3_ws/src/turtlebot3_Project01/install/turtlebot3_Project01/share/turtlebot3_Project01/local_setup.sh
[16.820s] -- Up-to-date: /root/ros2_ws/src/turtlebot3_ws/src/turtlebot3_Project01/install/turtlebot3_Project01/share/turtlebot3_Project01/local_setup.zsh
[16.820s] -- Up-to-date: /root/ros2_ws/src/turtlebot3_ws/src/turtlebot3_Project01/install/turtlebot3_Project01/share/turtlebot3_Project01/local_setup.dsv
[16.820s] -- Installing: /root/ros2_ws/src/turtlebot3_ws/src/turtlebot3_Project01/install/turtlebot3_Project01/share/turtlebot3_Project01/package.dsv
[16.820s] -- Up-to-date: /root/ros2_ws/src/turtlebot3_ws/src/turtlebot3_Project01/install/turtlebot3_Project01/share/ament_index/resource_index/packages/turtlebot3_Project01
[16.820s] -- Up-to-date: /root/ros2_ws/src/turtlebot3_ws/src/turtlebot3_Project01/install/turtlebot3_Project01/share/turtlebot3_Project01/cmake/turtlebot3_Project01Config.cmake
[16.820s] -- Up-to-date: /root/ros2_ws/src/turtlebot3_ws/src/turtlebot3_Project01/install/turtlebot3_Project01/share/turtlebot3_Project01/cmake/turtlebot3_Project01Config-version.cmake
[16.821s] -- Up-to-date: /root/ros2_ws/src/turtlebot3_ws/src/turtlebot3_Project01/install/turtlebot3_Project01/share/turtlebot3_Project01/package.xml
[16.824s] Invoked command in '/root/ros2_ws/src/turtlebot3_ws/src/turtlebot3_Project01/build/turtlebot3_Project01' returned '0': CMAKE_PREFIX_PATH=${CMAKE_PREFIX_PATH}:/root/ros2_ws/install/turtlebot3_teleop:/root/ros2_ws/install/turtlebot3_example:/root/ros2_ws/install/my_turtlebot_config:/opt/ros/humble /usr/bin/cmake --install /root/ros2_ws/src/turtlebot3_ws/src/turtlebot3_Project01/build/turtlebot3_Project01
