[0.015s] Invoking command in '/root/ros2_ws/src/project_03/build/goto_node': /usr/bin/cmake /root/ros2_ws/src/project_03 -DCMAKE_INSTALL_PREFIX=/root/ros2_ws/src/project_03/install/goto_node
[0.222s] -- The C compiler identification is GNU 11.4.0
[0.574s] -- The CXX compiler identification is GNU 11.4.0
[0.781s] -- Detecting C compiler ABI info
[0.888s] -- Detecting C compiler ABI info - done
[0.893s] -- Check for working C compiler: /usr/bin/cc - skipped
[0.895s] -- Detecting C compile features
[0.895s] -- Detecting C compile features - done
[0.899s] -- Detecting CXX compiler ABI info
[1.014s] -- Detecting CXX compiler ABI info - done
[1.018s] -- Check for working CXX compiler: /usr/bin/c++ - skipped
[1.018s] -- Detecting CXX compile features
[1.019s] -- Detecting CXX compile features - done
[1.034s] -- Found ament_cmake: 1.3.11 (/opt/ros/humble/share/ament_cmake/cmake)
[1.140s] -- Found Python3: /usr/bin/python3 (found version "3.10.12") found components: Interpreter 
[1.238s] -- Found ament_index_cpp: 1.4.0 (/opt/ros/humble/share/ament_index_cpp/cmake)
[1.242s] -- Found geometry_msgs: 4.2.4 (/opt/ros/humble/share/geometry_msgs/cmake)
[1.380s] -- Found rosidl_generator_c: 3.1.6 (/opt/ros/humble/share/rosidl_generator_c/cmake)
[1.385s] -- Found rosidl_adapter: 3.1.6 (/opt/ros/humble/share/rosidl_adapter/cmake)
[1.396s] -- Found rosidl_generator_cpp: 3.1.6 (/opt/ros/humble/share/rosidl_generator_cpp/cmake)
[1.415s] -- Using all available rosidl_typesupport_c: rosidl_typesupport_fastrtps_c;rosidl_typesupport_introspection_c
[1.434s] -- Using all available rosidl_typesupport_cpp: rosidl_typesupport_fastrtps_cpp;rosidl_typesupport_introspection_cpp
[1.483s] -- Found rclcpp: 16.0.11 (/opt/ros/humble/share/rclcpp/cmake)
[1.569s] -- Found rmw_implementation_cmake: 6.1.2 (/opt/ros/humble/share/rmw_implementation_cmake/cmake)
[1.572s] -- Found rmw_fastrtps_cpp: 6.2.7 (/opt/ros/humble/share/rmw_fastrtps_cpp/cmake)
[2.333s] -- Found OpenSSL: /usr/lib/x86_64-linux-gnu/libcrypto.so (found version "3.0.2")  
[3.123s] -- Found FastRTPS: /opt/ros/humble/include  
[4.575s] -- Using RMW implementation 'rmw_fastrtps_cpp' as default
[4.584s] -- Looking for pthread.h
[4.696s] -- Looking for pthread.h - found
[4.697s] -- Performing Test CMAKE_HAVE_LIBC_PTHREAD
[4.812s] -- Performing Test CMAKE_HAVE_LIBC_PTHREAD - Success
[4.812s] -- Found Threads: TRUE  
[4.861s] -- Found rclcpp_action: 16.0.11 (/opt/ros/humble/share/rclcpp_action/cmake)
[4.899s] -- Found std_srvs: 4.2.4 (/opt/ros/humble/share/std_srvs/cmake)
[4.913s] -- Found turtlesim: 1.4.2 (/opt/ros/humble/share/turtlesim/cmake)
[4.932s] -- Found ament_lint_auto: 0.12.11 (/opt/ros/humble/share/ament_lint_auto/cmake)
[4.933s] [0mCMake Error: File /root/ros2_ws/src/project_03/package.xml does not exist.[0m
[4.933s] [31mCMake Error at /opt/ros/humble/share/ament_cmake_core/cmake/core/stamp.cmake:24 (configure_file):
[4.933s]   configure_file Problem configuring file
[4.933s] Call Stack (most recent call first):
[4.933s]   /opt/ros/humble/share/ament_cmake_core/cmake/core/ament_package_xml.cmake:73 (stamp)
[4.933s]   /opt/ros/humble/share/ament_cmake_core/cmake/core/ament_package_xml.cmake:49 (_ament_package_xml)
[4.933s]   /opt/ros/humble/share/ament_lint_auto/cmake/ament_lint_auto_find_test_dependencies.cmake:31 (ament_package_xml)
[4.933s]   CMakeLists.txt:43 (ament_lint_auto_find_test_dependencies)
[4.933s] 
[4.933s] [0m
[4.934s] [0mCMake Error: File /root/ros2_ws/src/project_03/package.xml does not exist.[0m
[4.934s] [31mCMake Error at /opt/ros/humble/share/ament_cmake_core/cmake/core/stamp.cmake:24 (configure_file):
[4.934s]   configure_file Problem configuring file
[4.934s] Call Stack (most recent call first):
[4.934s]   /opt/ros/humble/share/ament_cmake_core/cmake/core/ament_package_xml.cmake:73 (stamp)
[4.934s]   /opt/ros/humble/share/ament_cmake_core/cmake/core/ament_package_xml.cmake:49 (_ament_package_xml)
[4.934s]   /opt/ros/humble/share/ament_cmake_core/cmake/core/ament_package.cmake:63 (ament_package_xml)
[4.934s]   CMakeLists.txt:46 (ament_package)
[4.934s] 
[4.934s] [0m
[4.938s] -- Configuring incomplete, errors occurred!
[4.938s] See also "/root/ros2_ws/src/project_03/build/goto_node/CMakeFiles/CMakeOutput.log".
[4.945s] Invoked command in '/root/ros2_ws/src/project_03/build/goto_node' returned '1': /usr/bin/cmake /root/ros2_ws/src/project_03 -DCMAKE_INSTALL_PREFIX=/root/ros2_ws/src/project_03/install/goto_node
