[0.182s] DEBUG:colcon:Command line arguments: ['/usr/bin/colcon', 'build']
[0.182s] DEBUG:colcon:Parsed command line arguments: Namespace(log_base=None, log_level=None, verb_name='build', build_base='build', install_base='install', merge_install=False, symlink_install=False, test_result_base=None, continue_on_error=False, executor='parallel', parallel_workers=8, event_handlers=None, ignore_user_meta=False, metas=['./colcon.meta'], base_paths=['.'], packages_ignore=None, packages_ignore_regex=None, paths=None, packages_up_to=None, packages_up_to_regex=None, packages_above=None, packages_above_and_dependencies=None, packages_above_depth=None, packages_select_by_dep=None, packages_skip_by_dep=None, packages_skip_up_to=None, packages_select_build_failed=False, packages_skip_build_finished=False, packages_select_test_failures=False, packages_skip_test_passed=False, packages_select=None, packages_skip=None, packages_select_regex=None, packages_skip_regex=None, packages_start=None, packages_end=None, allow_overriding=[], cmake_args=None, cmake_target=None, cmake_target_skip_unavailable=False, cmake_clean_cache=False, cmake_clean_first=False, cmake_force_configure=False, ament_cmake_args=None, catkin_cmake_args=None, catkin_skip_building_tests=False, verb_parser=<colcon_defaults.argument_parser.defaults.DefaultArgumentsDecorator object at 0x7f4820560880>, verb_extension=<colcon_core.verb.build.BuildVerb object at 0x7f4820560250>, main=<bound method BuildVerb.main of <colcon_core.verb.build.BuildVerb object at 0x7f4820560250>>)
[0.352s] Level 1:colcon.colcon_core.package_discovery:discover_packages(colcon_meta) check parameters
[0.352s] Level 1:colcon.colcon_core.package_discovery:discover_packages(recursive) check parameters
[0.352s] Level 1:colcon.colcon_core.package_discovery:discover_packages(ignore) check parameters
[0.352s] Level 1:colcon.colcon_core.package_discovery:discover_packages(path) check parameters
[0.352s] Level 1:colcon.colcon_core.package_discovery:discover_packages(colcon_meta) discover
[0.352s] Level 1:colcon.colcon_core.package_discovery:discover_packages(recursive) discover
[0.352s] INFO:colcon.colcon_core.package_discovery:Crawling recursively for packages in '/root/ros2_ws/src/turtlebot3_ws/src/turtlebot3_Project01'
[0.353s] Level 1:colcon.colcon_core.package_identification:_identify(.) by extensions ['ignore', 'ignore_ament_install']
[0.353s] Level 1:colcon.colcon_core.package_identification:_identify(.) by extension 'ignore'
[0.353s] Level 1:colcon.colcon_core.package_identification:_identify(.) by extension 'ignore_ament_install'
[0.353s] Level 1:colcon.colcon_core.package_identification:_identify(.) by extensions ['colcon_pkg']
[0.353s] Level 1:colcon.colcon_core.package_identification:_identify(.) by extension 'colcon_pkg'
[0.353s] Level 1:colcon.colcon_core.package_identification:_identify(.) by extensions ['colcon_meta']
[0.353s] Level 1:colcon.colcon_core.package_identification:_identify(.) by extension 'colcon_meta'
[0.353s] Level 1:colcon.colcon_core.package_identification:_identify(.) by extensions ['ros']
[0.353s] Level 1:colcon.colcon_core.package_identification:_identify(.) by extension 'ros'
[0.387s] DEBUG:colcon.colcon_core.package_identification:Package '.' with type 'ros.ament_cmake' and name 'turtlebot3_Project01'
[0.387s] Level 1:colcon.colcon_core.package_discovery:discover_packages(recursive) using defaults
[0.387s] Level 1:colcon.colcon_core.package_discovery:discover_packages(ignore) discover
[0.387s] Level 1:colcon.colcon_core.package_discovery:discover_packages(ignore) using defaults
[0.387s] Level 1:colcon.colcon_core.package_discovery:discover_packages(path) discover
[0.387s] Level 1:colcon.colcon_core.package_discovery:discover_packages(path) using defaults
[0.407s] Level 1:colcon.colcon_core.package_discovery:discover_packages(prefix_path) check parameters
[0.407s] Level 1:colcon.colcon_core.package_discovery:discover_packages(prefix_path) discover
[0.409s] DEBUG:colcon.colcon_installed_package_information.package_discovery:Found 21 installed packages in /root/ros2_ws/install
[0.411s] DEBUG:colcon.colcon_installed_package_information.package_discovery:Found 365 installed packages in /opt/ros/humble
[0.413s] Level 1:colcon.colcon_core.package_discovery:discover_packages(prefix_path) using defaults
[0.485s] Level 5:colcon.colcon_core.verb:set package 'turtlebot3_Project01' build argument 'cmake_args' from command line to 'None'
[0.485s] Level 5:colcon.colcon_core.verb:set package 'turtlebot3_Project01' build argument 'cmake_target' from command line to 'None'
[0.485s] Level 5:colcon.colcon_core.verb:set package 'turtlebot3_Project01' build argument 'cmake_target_skip_unavailable' from command line to 'False'
[0.485s] Level 5:colcon.colcon_core.verb:set package 'turtlebot3_Project01' build argument 'cmake_clean_cache' from command line to 'False'
[0.485s] Level 5:colcon.colcon_core.verb:set package 'turtlebot3_Project01' build argument 'cmake_clean_first' from command line to 'False'
[0.485s] Level 5:colcon.colcon_core.verb:set package 'turtlebot3_Project01' build argument 'cmake_force_configure' from command line to 'False'
[0.485s] Level 5:colcon.colcon_core.verb:set package 'turtlebot3_Project01' build argument 'ament_cmake_args' from command line to 'None'
[0.485s] Level 5:colcon.colcon_core.verb:set package 'turtlebot3_Project01' build argument 'catkin_cmake_args' from command line to 'None'
[0.485s] Level 5:colcon.colcon_core.verb:set package 'turtlebot3_Project01' build argument 'catkin_skip_building_tests' from command line to 'False'
[0.485s] DEBUG:colcon.colcon_core.verb:Building package 'turtlebot3_Project01' with the following arguments: {'ament_cmake_args': None, 'build_base': '/root/ros2_ws/src/turtlebot3_ws/src/turtlebot3_Project01/build/turtlebot3_Project01', 'catkin_cmake_args': None, 'catkin_skip_building_tests': False, 'cmake_args': None, 'cmake_clean_cache': False, 'cmake_clean_first': False, 'cmake_force_configure': False, 'cmake_target': None, 'cmake_target_skip_unavailable': False, 'install_base': '/root/ros2_ws/src/turtlebot3_ws/src/turtlebot3_Project01/install/turtlebot3_Project01', 'merge_install': False, 'path': '/root/ros2_ws/src/turtlebot3_ws/src/turtlebot3_Project01', 'symlink_install': False, 'test_result_base': None}
[0.486s] INFO:colcon.colcon_core.executor:Executing jobs using 'parallel' executor
[0.487s] DEBUG:colcon.colcon_parallel_executor.executor.parallel:run_until_complete
[0.487s] INFO:colcon.colcon_ros.task.ament_cmake.build:Building ROS package in '/root/ros2_ws/src/turtlebot3_ws/src/turtlebot3_Project01' with build type 'ament_cmake'
[0.488s] INFO:colcon.colcon_cmake.task.cmake.build:Building CMake package in '/root/ros2_ws/src/turtlebot3_ws/src/turtlebot3_Project01'
[0.491s] INFO:colcon.colcon_core.plugin_system:Skipping extension 'colcon_core.shell.bat': Not used on non-Windows systems
[0.491s] INFO:colcon.colcon_core.shell:Skip shell extension 'powershell' for command environment: Not usable outside of PowerShell
[0.491s] DEBUG:colcon.colcon_core.shell:Skip shell extension 'dsv' for command environment
[0.506s] DEBUG:colcon.colcon_core.event_handler.log_command:Invoking command in '/root/ros2_ws/src/turtlebot3_ws/src/turtlebot3_Project01/build/turtlebot3_Project01': CMAKE_PREFIX_PATH=${CMAKE_PREFIX_PATH}:/root/ros2_ws/install/turtlebot3_teleop:/root/ros2_ws/install/turtlebot3_example:/root/ros2_ws/install/my_turtlebot_config:/opt/ros/humble /usr/bin/cmake --build /root/ros2_ws/src/turtlebot3_ws/src/turtlebot3_Project01/build/turtlebot3_Project01 -- -j8 -l8
[0.577s] DEBUG:colcon.colcon_core.event_handler.log_command:Invoked command in '/root/ros2_ws/src/turtlebot3_ws/src/turtlebot3_Project01/build/turtlebot3_Project01' returned '0': CMAKE_PREFIX_PATH=${CMAKE_PREFIX_PATH}:/root/ros2_ws/install/turtlebot3_teleop:/root/ros2_ws/install/turtlebot3_example:/root/ros2_ws/install/my_turtlebot_config:/opt/ros/humble /usr/bin/cmake --build /root/ros2_ws/src/turtlebot3_ws/src/turtlebot3_Project01/build/turtlebot3_Project01 -- -j8 -l8
[0.589s] DEBUG:colcon.colcon_core.event_handler.log_command:Invoking command in '/root/ros2_ws/src/turtlebot3_ws/src/turtlebot3_Project01/build/turtlebot3_Project01': CMAKE_PREFIX_PATH=${CMAKE_PREFIX_PATH}:/root/ros2_ws/install/turtlebot3_teleop:/root/ros2_ws/install/turtlebot3_example:/root/ros2_ws/install/my_turtlebot_config:/opt/ros/humble /usr/bin/cmake --install /root/ros2_ws/src/turtlebot3_ws/src/turtlebot3_Project01/build/turtlebot3_Project01
[0.599s] Level 1:colcon.colcon_core.environment:create_environment_scripts_only(turtlebot3_Project01)
[0.601s] DEBUG:colcon.colcon_core.event_handler.log_command:Invoked command in '/root/ros2_ws/src/turtlebot3_ws/src/turtlebot3_Project01/build/turtlebot3_Project01' returned '0': CMAKE_PREFIX_PATH=${CMAKE_PREFIX_PATH}:/root/ros2_ws/install/turtlebot3_teleop:/root/ros2_ws/install/turtlebot3_example:/root/ros2_ws/install/my_turtlebot_config:/opt/ros/humble /usr/bin/cmake --install /root/ros2_ws/src/turtlebot3_ws/src/turtlebot3_Project01/build/turtlebot3_Project01
[0.603s] Level 1:colcon.colcon_core.environment:checking '/root/ros2_ws/src/turtlebot3_ws/src/turtlebot3_Project01/install/turtlebot3_Project01' for CMake module files
[0.603s] Level 1:colcon.colcon_core.environment:checking '/root/ros2_ws/src/turtlebot3_ws/src/turtlebot3_Project01/install/turtlebot3_Project01' for CMake config files
[0.603s] Level 1:colcon.colcon_core.shell:create_environment_hook('turtlebot3_Project01', 'cmake_prefix_path')
[0.603s] INFO:colcon.colcon_core.shell:Creating environment hook '/root/ros2_ws/src/turtlebot3_ws/src/turtlebot3_Project01/install/turtlebot3_Project01/share/turtlebot3_Project01/hook/cmake_prefix_path.ps1'
[0.604s] INFO:colcon.colcon_core.shell:Creating environment descriptor '/root/ros2_ws/src/turtlebot3_ws/src/turtlebot3_Project01/install/turtlebot3_Project01/share/turtlebot3_Project01/hook/cmake_prefix_path.dsv'
[0.605s] INFO:colcon.colcon_core.shell:Creating environment hook '/root/ros2_ws/src/turtlebot3_ws/src/turtlebot3_Project01/install/turtlebot3_Project01/share/turtlebot3_Project01/hook/cmake_prefix_path.sh'
[0.606s] Level 1:colcon.colcon_core.environment:checking '/root/ros2_ws/src/turtlebot3_ws/src/turtlebot3_Project01/install/turtlebot3_Project01/lib'
[0.606s] Level 1:colcon.colcon_core.environment:checking '/root/ros2_ws/src/turtlebot3_ws/src/turtlebot3_Project01/install/turtlebot3_Project01/bin'
[0.606s] Level 1:colcon.colcon_core.environment:checking '/root/ros2_ws/src/turtlebot3_ws/src/turtlebot3_Project01/install/turtlebot3_Project01/lib/pkgconfig/turtlebot3_Project01.pc'
[0.606s] Level 1:colcon.colcon_core.environment:checking '/root/ros2_ws/src/turtlebot3_ws/src/turtlebot3_Project01/install/turtlebot3_Project01/lib/python3.10/site-packages'
[0.606s] Level 1:colcon.colcon_core.environment:checking '/root/ros2_ws/src/turtlebot3_ws/src/turtlebot3_Project01/install/turtlebot3_Project01/bin'
[0.607s] INFO:colcon.colcon_core.shell:Creating package script '/root/ros2_ws/src/turtlebot3_ws/src/turtlebot3_Project01/install/turtlebot3_Project01/share/turtlebot3_Project01/package.ps1'
[0.607s] INFO:colcon.colcon_core.shell:Creating package descriptor '/root/ros2_ws/src/turtlebot3_ws/src/turtlebot3_Project01/install/turtlebot3_Project01/share/turtlebot3_Project01/package.dsv'
[0.608s] INFO:colcon.colcon_core.shell:Creating package script '/root/ros2_ws/src/turtlebot3_ws/src/turtlebot3_Project01/install/turtlebot3_Project01/share/turtlebot3_Project01/package.sh'
[0.608s] INFO:colcon.colcon_core.shell:Creating package script '/root/ros2_ws/src/turtlebot3_ws/src/turtlebot3_Project01/install/turtlebot3_Project01/share/turtlebot3_Project01/package.bash'
[0.609s] INFO:colcon.colcon_core.shell:Creating package script '/root/ros2_ws/src/turtlebot3_ws/src/turtlebot3_Project01/install/turtlebot3_Project01/share/turtlebot3_Project01/package.zsh'
[0.609s] Level 1:colcon.colcon_core.environment:create_file_with_runtime_dependencies(/root/ros2_ws/src/turtlebot3_ws/src/turtlebot3_Project01/install/turtlebot3_Project01/share/colcon-core/packages/turtlebot3_Project01)
[0.610s] Level 1:colcon.colcon_core.environment:create_environment_scripts_only(turtlebot3_Project01)
[0.610s] Level 1:colcon.colcon_core.environment:checking '/root/ros2_ws/src/turtlebot3_ws/src/turtlebot3_Project01/install/turtlebot3_Project01' for CMake module files
[0.611s] Level 1:colcon.colcon_core.environment:checking '/root/ros2_ws/src/turtlebot3_ws/src/turtlebot3_Project01/install/turtlebot3_Project01' for CMake config files
[0.611s] Level 1:colcon.colcon_core.shell:create_environment_hook('turtlebot3_Project01', 'cmake_prefix_path')
[0.611s] INFO:colcon.colcon_core.shell:Creating environment hook '/root/ros2_ws/src/turtlebot3_ws/src/turtlebot3_Project01/install/turtlebot3_Project01/share/turtlebot3_Project01/hook/cmake_prefix_path.ps1'
[0.611s] INFO:colcon.colcon_core.shell:Creating environment descriptor '/root/ros2_ws/src/turtlebot3_ws/src/turtlebot3_Project01/install/turtlebot3_Project01/share/turtlebot3_Project01/hook/cmake_prefix_path.dsv'
[0.612s] INFO:colcon.colcon_core.shell:Creating environment hook '/root/ros2_ws/src/turtlebot3_ws/src/turtlebot3_Project01/install/turtlebot3_Project01/share/turtlebot3_Project01/hook/cmake_prefix_path.sh'
[0.612s] Level 1:colcon.colcon_core.environment:checking '/root/ros2_ws/src/turtlebot3_ws/src/turtlebot3_Project01/install/turtlebot3_Project01/lib'
[0.612s] Level 1:colcon.colcon_core.environment:checking '/root/ros2_ws/src/turtlebot3_ws/src/turtlebot3_Project01/install/turtlebot3_Project01/bin'
[0.612s] Level 1:colcon.colcon_core.environment:checking '/root/ros2_ws/src/turtlebot3_ws/src/turtlebot3_Project01/install/turtlebot3_Project01/lib/pkgconfig/turtlebot3_Project01.pc'
[0.612s] Level 1:colcon.colcon_core.environment:checking '/root/ros2_ws/src/turtlebot3_ws/src/turtlebot3_Project01/install/turtlebot3_Project01/lib/python3.10/site-packages'
[0.613s] Level 1:colcon.colcon_core.environment:checking '/root/ros2_ws/src/turtlebot3_ws/src/turtlebot3_Project01/install/turtlebot3_Project01/bin'
[0.613s] INFO:colcon.colcon_core.shell:Creating package script '/root/ros2_ws/src/turtlebot3_ws/src/turtlebot3_Project01/install/turtlebot3_Project01/share/turtlebot3_Project01/package.ps1'
[0.613s] INFO:colcon.colcon_core.shell:Creating package descriptor '/root/ros2_ws/src/turtlebot3_ws/src/turtlebot3_Project01/install/turtlebot3_Project01/share/turtlebot3_Project01/package.dsv'
[0.614s] INFO:colcon.colcon_core.shell:Creating package script '/root/ros2_ws/src/turtlebot3_ws/src/turtlebot3_Project01/install/turtlebot3_Project01/share/turtlebot3_Project01/package.sh'
[0.614s] INFO:colcon.colcon_core.shell:Creating package script '/root/ros2_ws/src/turtlebot3_ws/src/turtlebot3_Project01/install/turtlebot3_Project01/share/turtlebot3_Project01/package.bash'
[0.615s] INFO:colcon.colcon_core.shell:Creating package script '/root/ros2_ws/src/turtlebot3_ws/src/turtlebot3_Project01/install/turtlebot3_Project01/share/turtlebot3_Project01/package.zsh'
[0.615s] Level 1:colcon.colcon_core.environment:create_file_with_runtime_dependencies(/root/ros2_ws/src/turtlebot3_ws/src/turtlebot3_Project01/install/turtlebot3_Project01/share/colcon-core/packages/turtlebot3_Project01)
[0.615s] DEBUG:colcon.colcon_parallel_executor.executor.parallel:closing loop
[0.616s] DEBUG:colcon.colcon_parallel_executor.executor.parallel:loop closed
[0.617s] DEBUG:colcon.colcon_parallel_executor.executor.parallel:run_until_complete finished with '0'
[0.617s] DEBUG:colcon.colcon_core.event_reactor:joining thread
[0.663s] INFO:colcon.colcon_core.plugin_system:Skipping extension 'colcon_notification.desktop_notification.notify_send': Could not find 'notify-send'
[0.663s] INFO:colcon.colcon_core.plugin_system:Skipping extension 'colcon_notification.desktop_notification.terminal_notifier': Not used on non-Darwin systems
[0.663s] INFO:colcon.colcon_core.plugin_system:Skipping extension 'colcon_notification.desktop_notification.win32': Not used on non-Windows systems
[0.663s] INFO:colcon.colcon_notification.desktop_notification:Sending desktop notification using 'notify2'
[0.664s] DEBUG:colcon.colcon_notification.desktop_notification.notify2:Failed to initialize notify2: org.freedesktop.DBus.Error.ServiceUnknown: The name org.freedesktop.Notifications was not provided by any .service files
[0.665s] DEBUG:colcon.colcon_core.event_reactor:joined thread
[0.665s] INFO:colcon.colcon_core.shell:Creating prefix script '/root/ros2_ws/src/turtlebot3_ws/src/turtlebot3_Project01/install/local_setup.ps1'
[0.667s] INFO:colcon.colcon_core.shell:Creating prefix util module '/root/ros2_ws/src/turtlebot3_ws/src/turtlebot3_Project01/install/_local_setup_util_ps1.py'
[0.668s] INFO:colcon.colcon_core.shell:Creating prefix chain script '/root/ros2_ws/src/turtlebot3_ws/src/turtlebot3_Project01/install/setup.ps1'
[0.669s] INFO:colcon.colcon_core.shell:Creating prefix script '/root/ros2_ws/src/turtlebot3_ws/src/turtlebot3_Project01/install/local_setup.sh'
[0.670s] INFO:colcon.colcon_core.shell:Creating prefix util module '/root/ros2_ws/src/turtlebot3_ws/src/turtlebot3_Project01/install/_local_setup_util_sh.py'
[0.670s] INFO:colcon.colcon_core.shell:Creating prefix chain script '/root/ros2_ws/src/turtlebot3_ws/src/turtlebot3_Project01/install/setup.sh'
[0.672s] INFO:colcon.colcon_core.shell:Creating prefix script '/root/ros2_ws/src/turtlebot3_ws/src/turtlebot3_Project01/install/local_setup.bash'
[0.672s] INFO:colcon.colcon_core.shell:Creating prefix chain script '/root/ros2_ws/src/turtlebot3_ws/src/turtlebot3_Project01/install/setup.bash'
[0.677s] INFO:colcon.colcon_core.shell:Creating prefix script '/root/ros2_ws/src/turtlebot3_ws/src/turtlebot3_Project01/install/local_setup.zsh'
[0.677s] INFO:colcon.colcon_core.shell:Creating prefix chain script '/root/ros2_ws/src/turtlebot3_ws/src/turtlebot3_Project01/install/setup.zsh'
