[01m[K/root/ros2_ws/src/turtlebot3_ws/src/turtlebot3_Project01/src/navigate_to_tf_target_node.cpp:69:10:[m[K [01;31m[Kerror: [m[Kuse of enum ‘[01m[KMOVE_STATE[m[K’ without previous declaration
   69 |     enum [01;31m[KMOVE_STATE[m[K(GO_TO_TARGET);
      |          [01;31m[K^~~~~~~~~~[m[K
[01m[K/root/ros2_ws/src/turtlebot3_ws/src/turtlebot3_Project01/src/navigate_to_tf_target_node.cpp:70:5:[m[K [01;31m[Kerror: [m[K‘[01m[KMOVE_STATE[m[K’ does not name a type
   70 |     [01;31m[KMOVE_STATE[m[K  move_state;
      |     [01;31m[K^~~~~~~~~~[m[K
[01m[K/root/ros2_ws/src/turtlebot3_ws/src/turtlebot3_Project01/src/navigate_to_tf_target_node.cpp:[m[K In member function ‘[01m[Kvoid NavigateToTFTargetNode::controlLoop()[m[K’:
[01m[K/root/ros2_ws/src/turtlebot3_ws/src/turtlebot3_Project01/src/navigate_to_tf_target_node.cpp:78:17:[m[K [01;31m[Kerror: [m[K‘[01m[Kmove_state[m[K’ was not declared in this scope; did you mean ‘[01m[Ksetstate[m[K’?
   78 |         switch ([01;31m[Kmove_state[m[K){
      |                 [01;31m[K^~~~~~~~~~[m[K
      |                 [32m[Ksetstate[m[K
[01m[K/root/ros2_ws/src/turtlebot3_ws/src/turtlebot3_Project01/src/navigate_to_tf_target_node.cpp:80:18:[m[K [01;31m[Kerror: [m[Kuse of ‘[01m[Kthis[m[K’ in a constant expression
   80 |             case [01;31m[KGO_TO_TARGET[m[K:
      |                  [01;31m[K^~~~~~~~~~~~[m[K
[01m[K/root/ros2_ws/src/turtlebot3_ws/src/turtlebot3_Project01/src/navigate_to_tf_target_node.cpp:86:9:[m[K [01;31m[Kerror: [m[Kexpected primary-expression before ‘[01m[K}[m[K’ token
   86 |         [01;31m[K}[m[K
      |         [01;31m[K^[m[K
gmake[2]: *** [CMakeFiles/navigate_to_tf_target_node.dir/build.make:76: CMakeFiles/navigate_to_tf_target_node.dir/src/navigate_to_tf_target_node.cpp.o] Error 1
gmake[1]: *** [CMakeFiles/Makefile2:139: CMakeFiles/navigate_to_tf_target_node.dir/all] Error 2
gmake: *** [Makefile:146: all] Error 2
