[0.018s] Invoking command in '/root/ros2_ws/src/turtlebot3_ws/src/turtlebot3_Project01/build/turtlebot3_Project01': CMAKE_PREFIX_PATH=${CMAKE_PREFIX_PATH}:/root/ros2_ws/install/turtlebot3_teleop:/root/ros2_ws/install/turtlebot3_example:/root/ros2_ws/install/my_turtlebot_config:/opt/ros/humble /usr/bin/cmake --build /root/ros2_ws/src/turtlebot3_ws/src/turtlebot3_Project01/build/turtlebot3_Project01 -- -j8 -l8
[0.080s] [100%] Built target navigate_to_tf_target_node
[0.080s] [100%] Built target input_target_tf_node
[0.090s] Invoked command in '/root/ros2_ws/src/turtlebot3_ws/src/turtlebot3_Project01/build/turtlebot3_Project01' returned '0': CMAKE_PREFIX_PATH=${CMAKE_PREFIX_PATH}:/root/ros2_ws/install/turtlebot3_teleop:/root/ros2_ws/install/turtlebot3_example:/root/ros2_ws/install/my_turtlebot_config:/opt/ros/humble /usr/bin/cmake --build /root/ros2_ws/src/turtlebot3_ws/src/turtlebot3_Project01/build/turtlebot3_Project01 -- -j8 -l8
[0.101s] Invoking command in '/root/ros2_ws/src/turtlebot3_ws/src/turtlebot3_Project01/build/turtlebot3_Project01': CMAKE_PREFIX_PATH=${CMAKE_PREFIX_PATH}:/root/ros2_ws/install/turtlebot3_teleop:/root/ros2_ws/install/turtlebot3_example:/root/ros2_ws/install/my_turtlebot_config:/opt/ros/humble /usr/bin/cmake --install /root/ros2_ws/src/turtlebot3_ws/src/turtlebot3_Project01/build/turtlebot3_Project01
[0.107s] -- Install configuration: ""
[0.108s] -- Up-to-date: /root/ros2_ws/src/turtlebot3_ws/src/turtlebot3_Project01/install/turtlebot3_Project01/lib/turtlebot3_Project01/navigate_to_tf_target_node
[0.108s] -- Up-to-date: /root/ros2_ws/src/turtlebot3_ws/src/turtlebot3_Project01/install/turtlebot3_Project01/lib/turtlebot3_Project01/input_target_tf_node
[0.108s] -- Up-to-date: /root/ros2_ws/src/turtlebot3_ws/src/turtlebot3_Project01/install/turtlebot3_Project01/share/turtlebot3_Project01/launch
[0.108s] -- Up-to-date: /root/ros2_ws/src/turtlebot3_ws/src/turtlebot3_Project01/install/turtlebot3_Project01/share/turtlebot3_Project01/launch/test.launch.py
[0.108s] -- Up-to-date: /root/ros2_ws/src/turtlebot3_ws/src/turtlebot3_Project01/install/turtlebot3_Project01/share/ament_index/resource_index/package_run_dependencies/turtlebot3_Project01
[0.109s] -- Up-to-date: /root/ros2_ws/src/turtlebot3_ws/src/turtlebot3_Project01/install/turtlebot3_Project01/share/ament_index/resource_index/parent_prefix_path/turtlebot3_Project01
[0.109s] -- Up-to-date: /root/ros2_ws/src/turtlebot3_ws/src/turtlebot3_Project01/install/turtlebot3_Project01/share/turtlebot3_Project01/environment/ament_prefix_path.sh
[0.109s] -- Up-to-date: /root/ros2_ws/src/turtlebot3_ws/src/turtlebot3_Project01/install/turtlebot3_Project01/share/turtlebot3_Project01/environment/ament_prefix_path.dsv
[0.109s] -- Up-to-date: /root/ros2_ws/src/turtlebot3_ws/src/turtlebot3_Project01/install/turtlebot3_Project01/share/turtlebot3_Project01/environment/path.sh
[0.109s] -- Up-to-date: /root/ros2_ws/src/turtlebot3_ws/src/turtlebot3_Project01/install/turtlebot3_Project01/share/turtlebot3_Project01/environment/path.dsv
[0.110s] -- Up-to-date: /root/ros2_ws/src/turtlebot3_ws/src/turtlebot3_Project01/install/turtlebot3_Project01/share/turtlebot3_Project01/local_setup.bash
[0.110s] -- Up-to-date: /root/ros2_ws/src/turtlebot3_ws/src/turtlebot3_Project01/install/turtlebot3_Project01/share/turtlebot3_Project01/local_setup.sh
[0.110s] -- Up-to-date: /root/ros2_ws/src/turtlebot3_ws/src/turtlebot3_Project01/install/turtlebot3_Project01/share/turtlebot3_Project01/local_setup.zsh
[0.110s] -- Up-to-date: /root/ros2_ws/src/turtlebot3_ws/src/turtlebot3_Project01/install/turtlebot3_Project01/share/turtlebot3_Project01/local_setup.dsv
[0.110s] -- Installing: /root/ros2_ws/src/turtlebot3_ws/src/turtlebot3_Project01/install/turtlebot3_Project01/share/turtlebot3_Project01/package.dsv
[0.110s] -- Up-to-date: /root/ros2_ws/src/turtlebot3_ws/src/turtlebot3_Project01/install/turtlebot3_Project01/share/ament_index/resource_index/packages/turtlebot3_Project01
[0.110s] -- Up-to-date: /root/ros2_ws/src/turtlebot3_ws/src/turtlebot3_Project01/install/turtlebot3_Project01/share/turtlebot3_Project01/cmake/turtlebot3_Project01Config.cmake
[0.110s] -- Up-to-date: /root/ros2_ws/src/turtlebot3_ws/src/turtlebot3_Project01/install/turtlebot3_Project01/share/turtlebot3_Project01/cmake/turtlebot3_Project01Config-version.cmake
[0.110s] -- Up-to-date: /root/ros2_ws/src/turtlebot3_ws/src/turtlebot3_Project01/install/turtlebot3_Project01/share/turtlebot3_Project01/package.xml
[0.113s] Invoked command in '/root/ros2_ws/src/turtlebot3_ws/src/turtlebot3_Project01/build/turtlebot3_Project01' returned '0': CMAKE_PREFIX_PATH=${CMAKE_PREFIX_PATH}:/root/ros2_ws/install/turtlebot3_teleop:/root/ros2_ws/install/turtlebot3_example:/root/ros2_ws/install/my_turtlebot_config:/opt/ros/humble /usr/bin/cmake --install /root/ros2_ws/src/turtlebot3_ws/src/turtlebot3_Project01/build/turtlebot3_Project01
