[0.011s] Invoking command in '/root/ros2_ws/src/project_03/build/goto_node': CMAKE_PREFIX_PATH=/opt/ros/humble /usr/bin/cmake --build /root/ros2_ws/src/project_03/build/goto_node -- -j8 -l8
[0.038s] [35m[1mConsolidate compiler generated dependencies of target target_publisher_node[0m
[0.049s] [ 50%] Built target goto_node
[0.053s] [100%] Built target target_publisher_node
[0.063s] Invoked command in '/root/ros2_ws/src/project_03/build/goto_node' returned '0': CMAKE_PREFIX_PATH=/opt/ros/humble /usr/bin/cmake --build /root/ros2_ws/src/project_03/build/goto_node -- -j8 -l8
[0.070s] Invoking command in '/root/ros2_ws/src/project_03/build/goto_node': CMAKE_PREFIX_PATH=/opt/ros/humble /usr/bin/cmake --install /root/ros2_ws/src/project_03/build/goto_node
[0.074s] -- Install configuration: ""
[0.074s] -- Up-to-date: /root/ros2_ws/src/project_03/install/goto_node/lib/goto_node/goto_node
[0.075s] -- Up-to-date: /root/ros2_ws/src/project_03/install/goto_node/share/ament_index/resource_index/package_run_dependencies/goto_node
[0.075s] -- Up-to-date: /root/ros2_ws/src/project_03/install/goto_node/share/ament_index/resource_index/parent_prefix_path/goto_node
[0.075s] -- Up-to-date: /root/ros2_ws/src/project_03/install/goto_node/share/goto_node/environment/ament_prefix_path.sh
[0.075s] -- Up-to-date: /root/ros2_ws/src/project_03/install/goto_node/share/goto_node/environment/ament_prefix_path.dsv
[0.075s] -- Up-to-date: /root/ros2_ws/src/project_03/install/goto_node/share/goto_node/environment/path.sh
[0.075s] -- Up-to-date: /root/ros2_ws/src/project_03/install/goto_node/share/goto_node/environment/path.dsv
[0.075s] -- Up-to-date: /root/ros2_ws/src/project_03/install/goto_node/share/goto_node/local_setup.bash
[0.075s] -- Up-to-date: /root/ros2_ws/src/project_03/install/goto_node/share/goto_node/local_setup.sh
[0.075s] -- Up-to-date: /root/ros2_ws/src/project_03/install/goto_node/share/goto_node/local_setup.zsh
[0.075s] -- Up-to-date: /root/ros2_ws/src/project_03/install/goto_node/share/goto_node/local_setup.dsv
[0.075s] -- Installing: /root/ros2_ws/src/project_03/install/goto_node/share/goto_node/package.dsv
[0.075s] -- Up-to-date: /root/ros2_ws/src/project_03/install/goto_node/share/ament_index/resource_index/packages/goto_node
[0.076s] -- Up-to-date: /root/ros2_ws/src/project_03/install/goto_node/share/goto_node/cmake/goto_nodeConfig.cmake
[0.077s] -- Up-to-date: /root/ros2_ws/src/project_03/install/goto_node/share/goto_node/cmake/goto_nodeConfig-version.cmake
[0.077s] -- Up-to-date: /root/ros2_ws/src/project_03/install/goto_node/share/goto_node/package.xml
[0.078s] Invoked command in '/root/ros2_ws/src/project_03/build/goto_node' returned '0': CMAKE_PREFIX_PATH=/opt/ros/humble /usr/bin/cmake --install /root/ros2_ws/src/project_03/build/goto_node
